{"/Users/wainwb01/repos/planv7/packages/application/src/ApplicationError.ts": {"path":"/Users/wainwb01/repos/planv7/packages/application/src/ApplicationError.ts","statementMap":{"0":{"start":{"line":5,"column":4},"end":{"line":5,"column":19}},"1":{"start":{"line":6,"column":4},"end":{"line":6,"column":38}},"2":{"start":{"line":10,"column":4},"end":{"line":10,"column":30}},"3":{"start":{"line":3,"column":0},"end":{"line":3,"column":21}}},"fnMap":{"0":{"name":"(anonymous_0)","decl":{"start":{"line":4,"column":2},"end":{"line":4,"column":21}},"loc":{"start":{"line":4,"column":36},"end":{"line":7,"column":3}}},"1":{"name":"(anonymous_1)","decl":{"start":{"line":9,"column":9},"end":{"line":9,"column":19}},"loc":{"start":{"line":9,"column":19},"end":{"line":11,"column":3}}}},"branchMap":{},"s":{"0":6,"1":6,"2":0,"3":4},"f":{"0":6,"1":0},"b":{}}
,"/Users/wainwb01/repos/planv7/packages/application/src/Serialiser.ts": {"path":"/Users/wainwb01/repos/planv7/packages/application/src/Serialiser.ts","statementMap":{"0":{"start":{"line":1,"column":0},"end":{"line":1,"column":26}},"1":{"start":{"line":3,"column":0},"end":{"line":3,"column":47}},"2":{"start":{"line":5,"column":0},"end":{"line":5,"column":30}},"3":{"start":{"line":6,"column":0},"end":{"line":6,"column":47}},"4":{"start":{"line":7,"column":0},"end":{"line":7,"column":49}},"5":{"start":{"line":9,"column":13},"end":{"line":9,"column":75}},"6":{"start":{"line":12,"column":0},"end":{"line":30,"column":null}},"7":{"start":{"line":19,"column":4},"end":{"line":19,"column":71}},"8":{"start":{"line":23,"column":4},"end":{"line":23,"column":41}},"9":{"start":{"line":27,"column":16},"end":{"line":27,"column":66}},"10":{"start":{"line":28,"column":4},"end":{"line":28,"column":36}},"11":{"start":{"line":12,"column":21},"end":{"line":30,"column":null}},"12":{"start":{"line":12,"column":21},"end":{"line":12,"column":null}}},"fnMap":{"0":{"name":"(anonymous_0)","decl":{"start":{"line":15,"column":2},"end":{"line":15,"column":null}},"loc":{"start":{"line":17,"column":20},"end":{"line":20,"column":3}}},"1":{"name":"(anonymous_1)","decl":{"start":{"line":22,"column":9},"end":{"line":22,"column":18}},"loc":{"start":{"line":22,"column":51},"end":{"line":24,"column":3}}},"2":{"name":"(anonymous_2)","decl":{"start":{"line":26,"column":9},"end":{"line":26,"column":20}},"loc":{"start":{"line":26,"column":62},"end":{"line":29,"column":3}}}},"branchMap":{"0":{"loc":{"start":{"line":27,"column":43},"end":{"line":27,"column":59}},"type":"cond-expr","locations":[{"start":{"line":27,"column":43},"end":{"line":27,"column":59}},{"start":{"line":27,"column":62},"end":{"line":27,"column":66}}]}},"s":{"0":1,"1":1,"2":1,"3":1,"4":1,"5":1,"6":1,"7":7,"8":3,"9":9,"10":9,"11":1,"12":1},"f":{"0":7,"1":3,"2":9},"b":{"0":[8,1]}}
,"/Users/wainwb01/repos/planv7/packages/application/src/core/EventEmitterWrapper.ts": {"path":"/Users/wainwb01/repos/planv7/packages/application/src/core/EventEmitterWrapper.ts","statementMap":{"0":{"start":{"line":1,"column":0},"end":{"line":1,"column":26}},"1":{"start":{"line":2,"column":0},"end":{"line":2,"column":47}},"2":{"start":{"line":3,"column":0},"end":{"line":3,"column":38}},"3":{"start":{"line":6,"column":0},"end":{"line":6,"column":35}},"4":{"start":{"line":14,"column":23},"end":{"line":14,"column":33}},"5":{"start":{"line":15,"column":23},"end":{"line":15,"column":33}},"6":{"start":{"line":18,"column":0},"end":{"line":45,"column":null}},"7":{"start":{"line":20,"column":19},"end":{"line":20,"column":47}},"8":{"start":{"line":23,"column":4},"end":{"line":23,"column":25}},"9":{"start":{"line":27,"column":4},"end":{"line":27,"column":62}},"10":{"start":{"line":28,"column":4},"end":{"line":28,"column":44}},"11":{"start":{"line":32,"column":4},"end":{"line":32,"column":62}},"12":{"start":{"line":33,"column":4},"end":{"line":33,"column":44}},"13":{"start":{"line":37,"column":4},"end":{"line":37,"column":49}},"14":{"start":{"line":38,"column":4},"end":{"line":38,"column":45}},"15":{"start":{"line":42,"column":4},"end":{"line":42,"column":49}},"16":{"start":{"line":43,"column":4},"end":{"line":43,"column":45}},"17":{"start":{"line":18,"column":21},"end":{"line":45,"column":null}},"18":{"start":{"line":18,"column":21},"end":{"line":18,"column":null}}},"fnMap":{"0":{"name":"(anonymous_0)","decl":{"start":{"line":22,"column":2},"end":{"line":22,"column":22}},"loc":{"start":{"line":22,"column":57},"end":{"line":24,"column":3}}},"1":{"name":"(anonymous_1)","decl":{"start":{"line":26,"column":9},"end":{"line":26,"column":18}},"loc":{"start":{"line":26,"column":51},"end":{"line":29,"column":3}}},"2":{"name":"(anonymous_2)","decl":{"start":{"line":31,"column":9},"end":{"line":31,"column":18}},"loc":{"start":{"line":31,"column":44},"end":{"line":34,"column":3}}},"3":{"name":"(anonymous_3)","decl":{"start":{"line":36,"column":9},"end":{"line":36,"column":16}},"loc":{"start":{"line":36,"column":69},"end":{"line":39,"column":3}}},"4":{"name":"(anonymous_4)","decl":{"start":{"line":41,"column":9},"end":{"line":41,"column":16}},"loc":{"start":{"line":41,"column":62},"end":{"line":44,"column":3}}}},"branchMap":{},"s":{"0":3,"1":3,"2":3,"3":3,"4":3,"5":3,"6":3,"7":3,"8":3,"9":6,"10":6,"11":0,"12":0,"13":1,"14":1,"15":0,"16":0,"17":3,"18":3},"f":{"0":3,"1":6,"2":0,"3":1,"4":0},"b":{}}
,"/Users/wainwb01/repos/planv7/packages/application/src/core/HandlerBase.ts": {"path":"/Users/wainwb01/repos/planv7/packages/application/src/core/HandlerBase.ts","statementMap":{"0":{"start":{"line":1,"column":0},"end":{"line":1,"column":26}},"1":{"start":{"line":3,"column":0},"end":{"line":3,"column":39}},"2":{"start":{"line":6,"column":0},"end":{"line":17,"column":null}},"3":{"start":{"line":9,"column":4},"end":{"line":12,"column":null}},"4":{"start":{"line":10,"column":6},"end":{"line":10,"column":37}},"5":{"start":{"line":11,"column":6},"end":{"line":11,"column":34}},"6":{"start":{"line":6,"column":30},"end":{"line":17,"column":null}},"7":{"start":{"line":6,"column":30},"end":{"line":6,"column":null}}},"fnMap":{"0":{"name":"(anonymous_0)","decl":{"start":{"line":8,"column":9},"end":{"line":8,"column":14}},"loc":{"start":{"line":8,"column":35},"end":{"line":13,"column":3}}}},"branchMap":{"0":{"loc":{"start":{"line":9,"column":4},"end":{"line":12,"column":null}},"type":"if","locations":[{"start":{"line":9,"column":4},"end":{"line":12,"column":null}},{"start":{"line":9,"column":4},"end":{"line":12,"column":null}}]}},"s":{"0":7,"1":7,"2":7,"3":22,"4":21,"5":21,"6":7,"7":7},"f":{"0":22},"b":{"0":[21,1]}}
,"/Users/wainwb01/repos/planv7/packages/application/src/core/SimpleCommandBus.ts": {"path":"/Users/wainwb01/repos/planv7/packages/application/src/core/SimpleCommandBus.ts","statementMap":{"0":{"start":{"line":1,"column":0},"end":{"line":1,"column":76}},"1":{"start":{"line":2,"column":0},"end":{"line":2,"column":43}},"2":{"start":{"line":3,"column":0},"end":{"line":3,"column":70}},"3":{"start":{"line":5,"column":0},"end":{"line":5,"column":51}},"4":{"start":{"line":9,"column":0},"end":{"line":65,"column":null}},"5":{"start":{"line":25,"column":4},"end":{"line":25,"column":29}},"6":{"start":{"line":26,"column":4},"end":{"line":26,"column":25}},"7":{"start":{"line":27,"column":4},"end":{"line":27,"column":33}},"8":{"start":{"line":28,"column":4},"end":{"line":30,"column":null}},"9":{"start":{"line":29,"column":6},"end":{"line":29,"column":55}},"10":{"start":{"line":34,"column":4},"end":{"line":38,"column":null}},"11":{"start":{"line":35,"column":6},"end":{"line":37,"column":8}},"12":{"start":{"line":39,"column":4},"end":{"line":55,"column":null}},"13":{"start":{"line":40,"column":6},"end":{"line":52,"column":null}},"14":{"start":{"line":41,"column":8},"end":{"line":43,"column":null}},"15":{"start":{"line":42,"column":10},"end":{"line":42,"column":68}},"16":{"start":{"line":45,"column":8},"end":{"line":45,"column":41}},"17":{"start":{"line":46,"column":8},"end":{"line":51,"column":null}},"18":{"start":{"line":47,"column":10},"end":{"line":49,"column":null}},"19":{"start":{"line":48,"column":12},"end":{"line":48,"column":60}},"20":{"start":{"line":50,"column":10},"end":{"line":50,"column":17}},"21":{"start":{"line":53,"column":11},"end":{"line":55,"column":null}},"22":{"start":{"line":54,"column":6},"end":{"line":54,"column":52}},"23":{"start":{"line":57,"column":4},"end":{"line":63,"column":null}},"24":{"start":{"line":58,"column":6},"end":{"line":58,"column":46}},"25":{"start":{"line":60,"column":6},"end":{"line":62,"column":8}},"26":{"start":{"line":9,"column":21},"end":{"line":65,"column":null}},"27":{"start":{"line":9,"column":21},"end":{"line":9,"column":null}}},"fnMap":{"0":{"name":"(anonymous_0)","decl":{"start":{"line":14,"column":2},"end":{"line":14,"column":null}},"loc":{"start":{"line":23,"column":25},"end":{"line":31,"column":3}}},"1":{"name":"(anonymous_1)","decl":{"start":{"line":33,"column":9},"end":{"line":33,"column":14}},"loc":{"start":{"line":33,"column":39},"end":{"line":64,"column":3}}}},"branchMap":{"0":{"loc":{"start":{"line":28,"column":4},"end":{"line":30,"column":null}},"type":"if","locations":[{"start":{"line":28,"column":4},"end":{"line":30,"column":null}},{"start":{"line":28,"column":4},"end":{"line":30,"column":null}}]},"1":{"loc":{"start":{"line":34,"column":4},"end":{"line":38,"column":null}},"type":"if","locations":[{"start":{"line":34,"column":4},"end":{"line":38,"column":null}},{"start":{"line":34,"column":4},"end":{"line":38,"column":null}}]},"2":{"loc":{"start":{"line":39,"column":4},"end":{"line":55,"column":null}},"type":"if","locations":[{"start":{"line":39,"column":4},"end":{"line":55,"column":null}},{"start":{"line":39,"column":4},"end":{"line":55,"column":null}}]},"3":{"loc":{"start":{"line":41,"column":8},"end":{"line":43,"column":null}},"type":"if","locations":[{"start":{"line":41,"column":8},"end":{"line":43,"column":null}},{"start":{"line":41,"column":8},"end":{"line":43,"column":null}}]},"4":{"loc":{"start":{"line":46,"column":8},"end":{"line":51,"column":null}},"type":"if","locations":[{"start":{"line":46,"column":8},"end":{"line":51,"column":null}},{"start":{"line":46,"column":8},"end":{"line":51,"column":null}}]},"5":{"loc":{"start":{"line":47,"column":10},"end":{"line":49,"column":null}},"type":"if","locations":[{"start":{"line":47,"column":10},"end":{"line":49,"column":null}},{"start":{"line":47,"column":10},"end":{"line":49,"column":null}}]},"6":{"loc":{"start":{"line":53,"column":11},"end":{"line":55,"column":null}},"type":"if","locations":[{"start":{"line":53,"column":11},"end":{"line":55,"column":null}},{"start":{"line":53,"column":11},"end":{"line":55,"column":null}}]},"7":{"loc":{"start":{"line":57,"column":4},"end":{"line":63,"column":null}},"type":"if","locations":[{"start":{"line":57,"column":4},"end":{"line":63,"column":null}},{"start":{"line":57,"column":4},"end":{"line":63,"column":null}}]}},"s":{"0":1,"1":1,"2":1,"3":1,"4":1,"5":6,"6":6,"7":6,"8":6,"9":6,"10":6,"11":6,"12":6,"13":6,"14":9,"15":9,"16":9,"17":9,"18":3,"19":3,"20":3,"21":0,"22":0,"23":3,"24":1,"25":2,"26":1,"27":1},"f":{"0":6,"1":6},"b":{"0":[6,0],"1":[6,0],"2":[6,0],"3":[9,0],"4":[3,6],"5":[3,0],"6":[0,0],"7":[1,2]}}
,"/Users/wainwb01/repos/planv7/packages/application/src/handlers/AddPlanHandler.ts": {"path":"/Users/wainwb01/repos/planv7/packages/application/src/handlers/AddPlanHandler.ts","statementMap":{"0":{"start":{"line":1,"column":0},"end":{"line":1,"column":null}},"1":{"start":{"line":9,"column":0},"end":{"line":9,"column":47}},"2":{"start":{"line":11,"column":0},"end":{"line":11,"column":51}},"3":{"start":{"line":14,"column":0},"end":{"line":14,"column":46}},"4":{"start":{"line":15,"column":0},"end":{"line":15,"column":35}},"5":{"start":{"line":18,"column":0},"end":{"line":82,"column":null}},"6":{"start":{"line":34,"column":4},"end":{"line":34,"column":12}},"7":{"start":{"line":35,"column":4},"end":{"line":35,"column":41}},"8":{"start":{"line":36,"column":4},"end":{"line":36,"column":27}},"9":{"start":{"line":37,"column":4},"end":{"line":37,"column":25}},"10":{"start":{"line":38,"column":4},"end":{"line":38,"column":47}},"11":{"start":{"line":39,"column":4},"end":{"line":39,"column":39}},"12":{"start":{"line":43,"column":4},"end":{"line":43,"column":32}},"13":{"start":{"line":47,"column":4},"end":{"line":47,"column":52}},"14":{"start":{"line":48,"column":17},"end":{"line":48,"column":46}},"15":{"start":{"line":50,"column":4},"end":{"line":52,"column":null}},"16":{"start":{"line":51,"column":6},"end":{"line":51,"column":66}},"17":{"start":{"line":54,"column":17},"end":{"line":59,"column":null}},"18":{"start":{"line":62,"column":4},"end":{"line":62,"column":43}},"19":{"start":{"line":63,"column":17},"end":{"line":63,"column":61}},"20":{"start":{"line":65,"column":25},"end":{"line":70,"column":null}},"21":{"start":{"line":73,"column":4},"end":{"line":73,"column":52}},"22":{"start":{"line":74,"column":4},"end":{"line":74,"column":38}},"23":{"start":{"line":76,"column":21},"end":{"line":76,"column":65}},"24":{"start":{"line":77,"column":4},"end":{"line":77,"column":56}},"25":{"start":{"line":78,"column":4},"end":{"line":80,"column":6}},"26":{"start":{"line":18,"column":21},"end":{"line":82,"column":null}},"27":{"start":{"line":18,"column":21},"end":{"line":18,"column":36}}},"fnMap":{"0":{"name":"(anonymous_0)","decl":{"start":{"line":24,"column":2},"end":{"line":24,"column":null}},"loc":{"start":{"line":32,"column":38},"end":{"line":40,"column":3}}},"1":{"name":"(anonymous_1)","decl":{"start":{"line":42,"column":9},"end":{"line":42,"column":27}},"loc":{"start":{"line":42,"column":27},"end":{"line":44,"column":3}}},"2":{"name":"(anonymous_2)","decl":{"start":{"line":46,"column":12},"end":{"line":46,"column":17}},"loc":{"start":{"line":46,"column":49},"end":{"line":81,"column":3}}}},"branchMap":{"0":{"loc":{"start":{"line":50,"column":4},"end":{"line":52,"column":null}},"type":"if","locations":[{"start":{"line":50,"column":4},"end":{"line":52,"column":null}},{"start":{"line":50,"column":4},"end":{"line":52,"column":null}}]}},"s":{"0":1,"1":1,"2":1,"3":1,"4":1,"5":1,"6":3,"7":3,"8":3,"9":3,"10":3,"11":3,"12":3,"13":3,"14":3,"15":3,"16":1,"17":2,"18":2,"19":2,"20":2,"21":2,"22":2,"23":2,"24":2,"25":2,"26":1,"27":1},"f":{"0":3,"1":3,"2":3},"b":{"0":[1,2]}}
,"/Users/wainwb01/repos/planv7/packages/application/src/handlers/LoginHandler.ts": {"path":"/Users/wainwb01/repos/planv7/packages/application/src/handlers/LoginHandler.ts","statementMap":{"0":{"start":{"line":1,"column":0},"end":{"line":1,"column":26}},"1":{"start":{"line":3,"column":0},"end":{"line":3,"column":null}},"2":{"start":{"line":9,"column":0},"end":{"line":9,"column":47}},"3":{"start":{"line":12,"column":0},"end":{"line":12,"column":46}},"4":{"start":{"line":15,"column":0},"end":{"line":15,"column":35}},"5":{"start":{"line":18,"column":0},"end":{"line":51,"column":null}},"6":{"start":{"line":29,"column":4},"end":{"line":29,"column":12}},"7":{"start":{"line":30,"column":4},"end":{"line":30,"column":25}},"8":{"start":{"line":31,"column":4},"end":{"line":31,"column":47}},"9":{"start":{"line":32,"column":4},"end":{"line":32,"column":39}},"10":{"start":{"line":36,"column":4},"end":{"line":36,"column":30}},"11":{"start":{"line":40,"column":17},"end":{"line":42,"column":null}},"12":{"start":{"line":45,"column":4},"end":{"line":49,"column":null}},"13":{"start":{"line":46,"column":6},"end":{"line":46,"column":44}},"14":{"start":{"line":47,"column":20},"end":{"line":47,"column":79}},"15":{"start":{"line":48,"column":6},"end":{"line":48,"column":46}},"16":{"start":{"line":18,"column":21},"end":{"line":51,"column":null}},"17":{"start":{"line":18,"column":21},"end":{"line":18,"column":34}}},"fnMap":{"0":{"name":"(anonymous_0)","decl":{"start":{"line":23,"column":2},"end":{"line":23,"column":null}},"loc":{"start":{"line":27,"column":42},"end":{"line":33,"column":3}}},"1":{"name":"(anonymous_1)","decl":{"start":{"line":35,"column":9},"end":{"line":35,"column":27}},"loc":{"start":{"line":35,"column":27},"end":{"line":37,"column":3}}},"2":{"name":"(anonymous_2)","decl":{"start":{"line":39,"column":12},"end":{"line":39,"column":17}},"loc":{"start":{"line":39,"column":47},"end":{"line":50,"column":3}}}},"branchMap":{"0":{"loc":{"start":{"line":45,"column":4},"end":{"line":49,"column":null}},"type":"if","locations":[{"start":{"line":45,"column":4},"end":{"line":49,"column":null}},{"start":{"line":45,"column":4},"end":{"line":49,"column":null}}]}},"s":{"0":1,"1":1,"2":1,"3":1,"4":1,"5":1,"6":2,"7":2,"8":2,"9":2,"10":2,"11":2,"12":2,"13":2,"14":2,"15":2,"16":1,"17":1},"f":{"0":2,"1":2,"2":2},"b":{"0":[2,0]}}
,"/Users/wainwb01/repos/planv7/packages/application/src/handlers/LogoutHandler.ts": {"path":"/Users/wainwb01/repos/planv7/packages/application/src/handlers/LogoutHandler.ts","statementMap":{"0":{"start":{"line":1,"column":0},"end":{"line":1,"column":null}},"1":{"start":{"line":7,"column":0},"end":{"line":7,"column":null}},"2":{"start":{"line":14,"column":0},"end":{"line":14,"column":47}},"3":{"start":{"line":16,"column":0},"end":{"line":16,"column":46}},"4":{"start":{"line":19,"column":0},"end":{"line":50,"column":null}},"5":{"start":{"line":31,"column":4},"end":{"line":31,"column":12}},"6":{"start":{"line":32,"column":4},"end":{"line":32,"column":25}},"7":{"start":{"line":33,"column":4},"end":{"line":33,"column":45}},"8":{"start":{"line":34,"column":4},"end":{"line":34,"column":47}},"9":{"start":{"line":38,"column":4},"end":{"line":38,"column":31}},"10":{"start":{"line":45,"column":4},"end":{"line":45,"column":52}},"11":{"start":{"line":46,"column":4},"end":{"line":46,"column":46}},"12":{"start":{"line":47,"column":18},"end":{"line":47,"column":77}},"13":{"start":{"line":48,"column":4},"end":{"line":48,"column":44}},"14":{"start":{"line":19,"column":21},"end":{"line":50,"column":null}},"15":{"start":{"line":19,"column":21},"end":{"line":19,"column":35}}},"fnMap":{"0":{"name":"(anonymous_0)","decl":{"start":{"line":24,"column":2},"end":{"line":24,"column":null}},"loc":{"start":{"line":29,"column":42},"end":{"line":35,"column":3}}},"1":{"name":"(anonymous_1)","decl":{"start":{"line":37,"column":9},"end":{"line":37,"column":27}},"loc":{"start":{"line":37,"column":27},"end":{"line":39,"column":3}}},"2":{"name":"(anonymous_2)","decl":{"start":{"line":41,"column":12},"end":{"line":41,"column":17}},"loc":{"start":{"line":43,"column":26},"end":{"line":49,"column":3}}}},"branchMap":{},"s":{"0":1,"1":1,"2":1,"3":1,"4":1,"5":2,"6":2,"7":2,"8":2,"9":2,"10":2,"11":2,"12":2,"13":2,"14":1,"15":1},"f":{"0":2,"1":2,"2":2},"b":{}}
,"/Users/wainwb01/repos/planv7/packages/application/src/handlers/RegisterUserHandler.ts": {"path":"/Users/wainwb01/repos/planv7/packages/application/src/handlers/RegisterUserHandler.ts","statementMap":{"0":{"start":{"line":1,"column":0},"end":{"line":1,"column":null}},"1":{"start":{"line":11,"column":0},"end":{"line":11,"column":47}},"2":{"start":{"line":13,"column":0},"end":{"line":13,"column":46}},"3":{"start":{"line":15,"column":0},"end":{"line":15,"column":35}},"4":{"start":{"line":18,"column":0},"end":{"line":77,"column":null}},"5":{"start":{"line":34,"column":4},"end":{"line":34,"column":12}},"6":{"start":{"line":35,"column":4},"end":{"line":35,"column":41}},"7":{"start":{"line":36,"column":4},"end":{"line":36,"column":47}},"8":{"start":{"line":37,"column":4},"end":{"line":37,"column":25}},"9":{"start":{"line":38,"column":4},"end":{"line":38,"column":39}},"10":{"start":{"line":39,"column":4},"end":{"line":39,"column":61}},"11":{"start":{"line":43,"column":4},"end":{"line":43,"column":37}},"12":{"start":{"line":47,"column":4},"end":{"line":47,"column":70}},"13":{"start":{"line":48,"column":17},"end":{"line":51,"column":null}},"14":{"start":{"line":53,"column":4},"end":{"line":53,"column":44}},"15":{"start":{"line":54,"column":4},"end":{"line":54,"column":48}},"16":{"start":{"line":55,"column":28},"end":{"line":57,"column":null}},"17":{"start":{"line":60,"column":4},"end":{"line":60,"column":54}},"18":{"start":{"line":61,"column":25},"end":{"line":63,"column":null}},"19":{"start":{"line":66,"column":4},"end":{"line":66,"column":42}},"20":{"start":{"line":67,"column":23},"end":{"line":69,"column":null}},"21":{"start":{"line":71,"column":4},"end":{"line":71,"column":49}},"22":{"start":{"line":75,"column":4},"end":{"line":75,"column":33}},"23":{"start":{"line":18,"column":21},"end":{"line":77,"column":null}},"24":{"start":{"line":18,"column":21},"end":{"line":18,"column":41}}},"fnMap":{"0":{"name":"(anonymous_0)","decl":{"start":{"line":27,"column":2},"end":{"line":27,"column":null}},"loc":{"start":{"line":32,"column":42},"end":{"line":40,"column":3}}},"1":{"name":"(anonymous_1)","decl":{"start":{"line":42,"column":9},"end":{"line":42,"column":27}},"loc":{"start":{"line":42,"column":27},"end":{"line":44,"column":3}}},"2":{"name":"(anonymous_2)","decl":{"start":{"line":46,"column":9},"end":{"line":46,"column":14}},"loc":{"start":{"line":46,"column":51},"end":{"line":72,"column":3}}},"3":{"name":"(anonymous_3)","decl":{"start":{"line":74,"column":9},"end":{"line":74,"column":17}},"loc":{"start":{"line":74,"column":17},"end":{"line":76,"column":3}}}},"branchMap":{},"s":{"0":1,"1":1,"2":1,"3":1,"4":1,"5":5,"6":5,"7":5,"8":5,"9":5,"10":5,"11":5,"12":5,"13":5,"14":5,"15":5,"16":5,"17":5,"18":5,"19":5,"20":5,"21":5,"22":0,"23":1,"24":1},"f":{"0":5,"1":5,"2":5,"3":0},"b":{}}
,"/Users/wainwb01/repos/planv7/packages/application/src/handlers/UpdatePlanHandler.ts": {"path":"/Users/wainwb01/repos/planv7/packages/application/src/handlers/UpdatePlanHandler.ts","statementMap":{"0":{"start":{"line":8,"column":0},"end":{"line":8,"column":null}},"1":{"start":{"line":15,"column":0},"end":{"line":15,"column":47}},"2":{"start":{"line":16,"column":0},"end":{"line":16,"column":51}},"3":{"start":{"line":18,"column":0},"end":{"line":18,"column":46}},"4":{"start":{"line":19,"column":0},"end":{"line":19,"column":35}},"5":{"start":{"line":22,"column":0},"end":{"line":85,"column":null}},"6":{"start":{"line":35,"column":4},"end":{"line":35,"column":12}},"7":{"start":{"line":36,"column":4},"end":{"line":36,"column":41}},"8":{"start":{"line":37,"column":4},"end":{"line":37,"column":27}},"9":{"start":{"line":38,"column":4},"end":{"line":38,"column":25}},"10":{"start":{"line":39,"column":4},"end":{"line":39,"column":47}},"11":{"start":{"line":43,"column":4},"end":{"line":43,"column":35}},"12":{"start":{"line":47,"column":4},"end":{"line":47,"column":55}},"13":{"start":{"line":48,"column":17},"end":{"line":48,"column":46}},"14":{"start":{"line":50,"column":4},"end":{"line":52,"column":null}},"15":{"start":{"line":51,"column":6},"end":{"line":51,"column":66}},"16":{"start":{"line":54,"column":24},"end":{"line":57,"column":null}},"17":{"start":{"line":59,"column":4},"end":{"line":59,"column":47}},"18":{"start":{"line":61,"column":4},"end":{"line":65,"column":null}},"19":{"start":{"line":62,"column":6},"end":{"line":64,"column":8}},"20":{"start":{"line":67,"column":4},"end":{"line":76,"column":6}},"21":{"start":{"line":77,"column":4},"end":{"line":77,"column":40}},"22":{"start":{"line":79,"column":4},"end":{"line":79,"column":56}},"23":{"start":{"line":80,"column":21},"end":{"line":80,"column":65}},"24":{"start":{"line":81,"column":4},"end":{"line":83,"column":6}},"25":{"start":{"line":22,"column":21},"end":{"line":85,"column":null}},"26":{"start":{"line":22,"column":21},"end":{"line":22,"column":39}}},"fnMap":{"0":{"name":"(anonymous_0)","decl":{"start":{"line":27,"column":2},"end":{"line":27,"column":null}},"loc":{"start":{"line":33,"column":42},"end":{"line":40,"column":3}}},"1":{"name":"(anonymous_1)","decl":{"start":{"line":42,"column":9},"end":{"line":42,"column":27}},"loc":{"start":{"line":42,"column":27},"end":{"line":44,"column":3}}},"2":{"name":"(anonymous_2)","decl":{"start":{"line":46,"column":12},"end":{"line":46,"column":17}},"loc":{"start":{"line":46,"column":52},"end":{"line":84,"column":3}}}},"branchMap":{"0":{"loc":{"start":{"line":50,"column":4},"end":{"line":52,"column":null}},"type":"if","locations":[{"start":{"line":50,"column":4},"end":{"line":52,"column":null}},{"start":{"line":50,"column":4},"end":{"line":52,"column":null}}]},"1":{"loc":{"start":{"line":61,"column":4},"end":{"line":65,"column":null}},"type":"if","locations":[{"start":{"line":61,"column":4},"end":{"line":65,"column":null}},{"start":{"line":61,"column":4},"end":{"line":65,"column":null}}]}},"s":{"0":1,"1":1,"2":1,"3":1,"4":1,"5":1,"6":4,"7":4,"8":4,"9":4,"10":4,"11":4,"12":4,"13":4,"14":4,"15":1,"16":3,"17":3,"18":3,"19":1,"20":2,"21":2,"22":2,"23":2,"24":2,"25":1,"26":1},"f":{"0":4,"1":4,"2":4},"b":{"0":[1,3],"1":[1,2]}}
,"/Users/wainwb01/repos/planv7/packages/application/src/ports/TYPES.ts": {"path":"/Users/wainwb01/repos/planv7/packages/application/src/ports/TYPES.ts","statementMap":{"0":{"start":{"line":1,"column":13},"end":{"line":11,"column":2}},"1":{"start":{"line":13,"column":0},"end":{"line":13,"column":21}}},"fnMap":{},"branchMap":{},"s":{"0":6,"1":6},"f":{},"b":{}}
,"/Users/wainwb01/repos/planv7/packages/application/src/ports/index.ts": {"path":"/Users/wainwb01/repos/planv7/packages/application/src/ports/index.ts","statementMap":{"0":{"start":{"line":4,"column":0},"end":{"line":4,"column":7}},"1":{"start":{"line":17,"column":2},"end":{"line":4,"column":64}},"2":{"start":{"line":12,"column":0},"end":{"line":12,"column":7}},"3":{"start":{"line":15,"column":2},"end":{"line":12,"column":28}}},"fnMap":{},"branchMap":{},"s":{"0":3,"1":3,"2":3,"3":3},"f":{},"b":{}}
}
