TN:
SF:src/ApplicationError.ts
FN:4,(anonymous_0)
FN:9,(anonymous_1)
FNF:2
FNH:1
FNDA:6,(anonymous_0)
FNDA:0,(anonymous_1)
DA:3,4
DA:5,6
DA:6,6
DA:10,0
LF:4
LH:3
BRF:0
BRH:0
end_of_record
TN:
SF:src/Serialiser.ts
FN:15,(anonymous_0)
FN:22,(anonymous_1)
FN:26,(anonymous_2)
FNF:3
FNH:3
FNDA:7,(anonymous_0)
FNDA:3,(anonymous_1)
FNDA:9,(anonymous_2)
DA:1,1
DA:3,1
DA:5,1
DA:6,1
DA:7,1
DA:9,1
DA:12,1
DA:19,7
DA:23,3
DA:27,9
DA:28,9
LF:11
LH:11
BRDA:27,0,0,8
BRDA:27,0,1,1
BRF:2
BRH:2
end_of_record
TN:
SF:src/core/EventEmitterWrapper.ts
FN:22,(anonymous_0)
FN:26,(anonymous_1)
FN:31,(anonymous_2)
FN:36,(anonymous_3)
FN:41,(anonymous_4)
FNF:5
FNH:3
FNDA:3,(anonymous_0)
FNDA:6,(anonymous_1)
FNDA:0,(anonymous_2)
FNDA:1,(anonymous_3)
FNDA:0,(anonymous_4)
DA:1,3
DA:2,3
DA:3,3
DA:6,3
DA:14,3
DA:15,3
DA:18,3
DA:20,3
DA:23,3
DA:27,6
DA:28,6
DA:32,0
DA:33,0
DA:37,1
DA:38,1
DA:42,0
DA:43,0
LF:17
LH:13
BRF:0
BRH:0
end_of_record
TN:
SF:src/core/HandlerBase.ts
FN:8,(anonymous_0)
FNF:1
FNH:1
FNDA:22,(anonymous_0)
DA:1,7
DA:3,7
DA:6,7
DA:9,22
DA:10,21
DA:11,21
LF:6
LH:6
BRDA:9,0,0,21
BRDA:9,0,1,1
BRF:2
BRH:2
end_of_record
TN:
SF:src/core/SimpleCommandBus.ts
FN:14,(anonymous_0)
FN:33,(anonymous_1)
FNF:2
FNH:2
FNDA:6,(anonymous_0)
FNDA:6,(anonymous_1)
DA:1,1
DA:2,1
DA:3,1
DA:5,1
DA:9,1
DA:25,6
DA:26,6
DA:27,6
DA:28,6
DA:29,6
DA:34,6
DA:35,6
DA:39,6
DA:40,6
DA:41,9
DA:42,9
DA:45,9
DA:46,9
DA:47,3
DA:48,3
DA:50,3
DA:53,0
DA:54,0
DA:57,3
DA:58,1
DA:60,2
LF:26
LH:24
BRDA:28,0,0,6
BRDA:28,0,1,0
BRDA:34,1,0,6
BRDA:34,1,1,0
BRDA:39,2,0,6
BRDA:39,2,1,0
BRDA:41,3,0,9
BRDA:41,3,1,0
BRDA:46,4,0,3
BRDA:46,4,1,6
BRDA:47,5,0,3
BRDA:47,5,1,0
BRDA:53,6,0,0
BRDA:53,6,1,0
BRDA:57,7,0,1
BRDA:57,7,1,2
BRF:16
BRH:9
end_of_record
TN:
SF:src/handlers/AddPlanHandler.ts
FN:24,(anonymous_0)
FN:42,(anonymous_1)
FN:46,(anonymous_2)
FNF:3
FNH:3
FNDA:3,(anonymous_0)
FNDA:3,(anonymous_1)
FNDA:3,(anonymous_2)
DA:1,1
DA:9,1
DA:11,1
DA:14,1
DA:15,1
DA:18,1
DA:34,3
DA:35,3
DA:36,3
DA:37,3
DA:38,3
DA:39,3
DA:43,3
DA:47,3
DA:48,3
DA:50,3
DA:51,1
DA:54,2
DA:62,2
DA:63,2
DA:65,2
DA:73,2
DA:74,2
DA:76,2
DA:77,2
DA:78,2
LF:26
LH:26
BRDA:50,0,0,1
BRDA:50,0,1,2
BRF:2
BRH:2
end_of_record
TN:
SF:src/handlers/LoginHandler.ts
FN:23,(anonymous_0)
FN:35,(anonymous_1)
FN:39,(anonymous_2)
FNF:3
FNH:3
FNDA:2,(anonymous_0)
FNDA:2,(anonymous_1)
FNDA:2,(anonymous_2)
DA:1,1
DA:3,1
DA:9,1
DA:12,1
DA:15,1
DA:18,1
DA:29,2
DA:30,2
DA:31,2
DA:32,2
DA:36,2
DA:40,2
DA:45,2
DA:46,2
DA:47,2
DA:48,2
LF:16
LH:16
BRDA:45,0,0,2
BRDA:45,0,1,0
BRF:2
BRH:1
end_of_record
TN:
SF:src/handlers/LogoutHandler.ts
FN:24,(anonymous_0)
FN:37,(anonymous_1)
FN:41,(anonymous_2)
FNF:3
FNH:3
FNDA:2,(anonymous_0)
FNDA:2,(anonymous_1)
FNDA:2,(anonymous_2)
DA:1,1
DA:7,1
DA:14,1
DA:16,1
DA:19,1
DA:31,2
DA:32,2
DA:33,2
DA:34,2
DA:38,2
DA:45,2
DA:46,2
DA:47,2
DA:48,2
LF:14
LH:14
BRF:0
BRH:0
end_of_record
TN:
SF:src/handlers/RegisterUserHandler.ts
FN:27,(anonymous_0)
FN:42,(anonymous_1)
FN:46,(anonymous_2)
FN:74,(anonymous_3)
FNF:4
FNH:3
FNDA:5,(anonymous_0)
FNDA:5,(anonymous_1)
FNDA:5,(anonymous_2)
FNDA:0,(anonymous_3)
DA:1,1
DA:11,1
DA:13,1
DA:15,1
DA:18,1
DA:34,5
DA:35,5
DA:36,5
DA:37,5
DA:38,5
DA:39,5
DA:43,5
DA:47,5
DA:48,5
DA:53,5
DA:54,5
DA:55,5
DA:60,5
DA:61,5
DA:66,5
DA:67,5
DA:71,5
DA:75,0
LF:23
LH:22
BRF:0
BRH:0
end_of_record
TN:
SF:src/handlers/UpdatePlanHandler.ts
FN:27,(anonymous_0)
FN:42,(anonymous_1)
FN:46,(anonymous_2)
FNF:3
FNH:3
FNDA:4,(anonymous_0)
FNDA:4,(anonymous_1)
FNDA:4,(anonymous_2)
DA:8,1
DA:15,1
DA:16,1
DA:18,1
DA:19,1
DA:22,1
DA:35,4
DA:36,4
DA:37,4
DA:38,4
DA:39,4
DA:43,4
DA:47,4
DA:48,4
DA:50,4
DA:51,1
DA:54,3
DA:59,3
DA:61,3
DA:62,1
DA:67,2
DA:77,2
DA:79,2
DA:80,2
DA:81,2
LF:25
LH:25
BRDA:50,0,0,1
BRDA:50,0,1,3
BRDA:61,1,0,1
BRDA:61,1,1,2
BRF:4
BRH:4
end_of_record
TN:
SF:src/ports/TYPES.ts
FNF:0
FNH:0
DA:1,6
DA:13,6
LF:2
LH:2
BRF:0
BRH:0
end_of_record
TN:
SF:src/ports/index.ts
FNF:0
FNH:0
DA:4,3
DA:12,3
DA:15,3
DA:17,3
LF:4
LH:4
BRF:0
BRH:0
end_of_record
