{"/Users/wainwb01/repos/planv7/packages/framework/src/TYPES.ts": {"path":"/Users/wainwb01/repos/planv7/packages/framework/src/TYPES.ts","statementMap":{"0":{"start":{"line":1,"column":14},"end":{"line":15,"column":1}}},"fnMap":{},"branchMap":{},"s":{"0":0},"f":{},"b":{}}
,"/Users/wainwb01/repos/planv7/packages/framework/src/constants.ts": {"path":"/Users/wainwb01/repos/planv7/packages/framework/src/constants.ts","statementMap":{"0":{"start":{"line":1,"column":37},"end":{"line":1,"column":62}},"1":{"start":{"line":2,"column":44},"end":{"line":2,"column":73}},"2":{"start":{"line":3,"column":32},"end":{"line":3,"column":48}},"3":{"start":{"line":4,"column":30},"end":{"line":4,"column":47}},"4":{"start":{"line":5,"column":29},"end":{"line":5,"column":32}}},"fnMap":{},"branchMap":{},"s":{"0":0,"1":0,"2":0,"3":0,"4":0},"f":{},"b":{}}
,"/Users/wainwb01/repos/planv7/packages/framework/src/keys.ts": {"path":"/Users/wainwb01/repos/planv7/packages/framework/src/keys.ts","statementMap":{"0":{"start":{"line":4,"column":32},"end":{"line":30,"column":30}},"1":{"start":{"line":32,"column":31},"end":{"line":40,"column":25}}},"fnMap":{},"branchMap":{},"s":{"0":0,"1":0},"f":{},"b":{}}
,"/Users/wainwb01/repos/planv7/packages/framework/src/authentication/token.ts": {"path":"/Users/wainwb01/repos/planv7/packages/framework/src/authentication/token.ts","statementMap":{},"fnMap":{},"branchMap":{},"s":{},"f":{},"b":{}}
}
