{"/Users/wainwb01/repos/planv7/packages/framework/src/ResponseAuthHeader.ts": {"path":"/Users/wainwb01/repos/planv7/packages/framework/src/ResponseAuthHeader.ts","statementMap":{"0":{"start":{"line":1,"column":0},"end":{"line":1,"column":26}},"1":{"start":{"line":2,"column":0},"end":{"line":2,"column":39}},"2":{"start":{"line":5,"column":0},"end":{"line":13,"column":null}},"3":{"start":{"line":6,"column":10},"end":{"line":6,"column":22}},"4":{"start":{"line":8,"column":4},"end":{"line":8,"column":24}},"5":{"start":{"line":11,"column":4},"end":{"line":11,"column":23}},"6":{"start":{"line":5,"column":21},"end":{"line":13,"column":null}},"7":{"start":{"line":5,"column":21},"end":{"line":5,"column":null}}},"fnMap":{"0":{"name":"(anonymous_0)","decl":{"start":{"line":5,"column":0},"end":{"line":5,"column":21}},"loc":{"start":{"line":5,"column":0},"end":{"line":13,"column":1}}},"1":{"name":"(anonymous_1)","decl":{"start":{"line":7,"column":9},"end":{"line":7,"column":18}},"loc":{"start":{"line":7,"column":32},"end":{"line":9,"column":3}}},"2":{"name":"(anonymous_2)","decl":{"start":{"line":10,"column":9},"end":{"line":10,"column":18}},"loc":{"start":{"line":10,"column":18},"end":{"line":12,"column":3}}}},"branchMap":{},"s":{"0":0,"1":0,"2":0,"3":0,"4":0,"5":0,"6":0,"7":0},"f":{"0":0,"1":0,"2":0},"b":{}}
,"/Users/wainwb01/repos/planv7/packages/framework/src/TYPES.ts": {"path":"/Users/wainwb01/repos/planv7/packages/framework/src/TYPES.ts","statementMap":{"0":{"start":{"line":1,"column":14},"end":{"line":15,"column":2}},"1":{"start":{"line":17,"column":0},"end":{"line":17,"column":21}}},"fnMap":{},"branchMap":{},"s":{"0":7,"1":7},"f":{},"b":{}}
,"/Users/wainwb01/repos/planv7/packages/framework/src/WebsocketClient.spec.ts": {"path":"/Users/wainwb01/repos/planv7/packages/framework/src/WebsocketClient.spec.ts","statementMap":{"0":{"start":{"line":1,"column":0},"end":{"line":1,"column":68}},"1":{"start":{"line":2,"column":0},"end":{"line":2,"column":78}},"2":{"start":{"line":4,"column":0},"end":{"line":4,"column":54}},"3":{"start":{"line":5,"column":0},"end":{"line":5,"column":37}},"4":{"start":{"line":6,"column":0},"end":{"line":6,"column":48}},"5":{"start":{"line":8,"column":40},"end":{"line":8,"column":44}},"6":{"start":{"line":10,"column":29},"end":{"line":10,"column":50}},"7":{"start":{"line":12,"column":0},"end":{"line":210,"column":3}},"8":{"start":{"line":19,"column":2},"end":{"line":21,"column":5}},"9":{"start":{"line":20,"column":4},"end":{"line":20,"column":42}},"10":{"start":{"line":23,"column":2},"end":{"line":27,"column":5}},"11":{"start":{"line":24,"column":4},"end":{"line":24,"column":15}},"12":{"start":{"line":25,"column":4},"end":{"line":25,"column":19}},"13":{"start":{"line":26,"column":4},"end":{"line":26,"column":24}},"14":{"start":{"line":37,"column":11},"end":{"line":37,"column":23}},"15":{"start":{"line":31,"column":6},"end":{"line":31,"column":19}},"16":{"start":{"line":34,"column":6},"end":{"line":34,"column":25}},"17":{"start":{"line":57,"column":11},"end":{"line":57,"column":20}},"18":{"start":{"line":42,"column":6},"end":{"line":42,"column":27}},"19":{"start":{"line":46,"column":6},"end":{"line":46,"column":27}},"20":{"start":{"line":50,"column":6},"end":{"line":50,"column":26}},"21":{"start":{"line":54,"column":6},"end":{"line":54,"column":27}},"22":{"start":{"line":60,"column":2},"end":{"line":99,"column":5}},"23":{"start":{"line":63,"column":8},"end":{"line":63,"column":23}},"24":{"start":{"line":64,"column":8},"end":{"line":64,"column":42}},"25":{"start":{"line":68,"column":8},"end":{"line":68,"column":27}},"26":{"start":{"line":72,"column":19},"end":{"line":72,"column":43}},"27":{"start":{"line":74,"column":19},"end":{"line":74,"column":50}},"28":{"start":{"line":75,"column":27},"end":{"line":79,"column":null}},"29":{"start":{"line":81,"column":28},"end":{"line":86,"column":6}},"30":{"start":{"line":88,"column":4},"end":{"line":88,"column":47}},"31":{"start":{"line":90,"column":17},"end":{"line":90,"column":48}},"32":{"start":{"line":92,"column":4},"end":{"line":96,"column":7}},"33":{"start":{"line":93,"column":6},"end":{"line":93,"column":34}},"34":{"start":{"line":94,"column":6},"end":{"line":94,"column":43}},"35":{"start":{"line":95,"column":6},"end":{"line":95,"column":13}},"36":{"start":{"line":98,"column":4},"end":{"line":98,"column":22}},"37":{"start":{"line":101,"column":2},"end":{"line":128,"column":5}},"38":{"start":{"line":102,"column":19},"end":{"line":102,"column":43}},"39":{"start":{"line":103,"column":19},"end":{"line":103,"column":50}},"40":{"start":{"line":104,"column":23},"end":{"line":104,"column":65}},"41":{"start":{"line":105,"column":27},"end":{"line":109,"column":null}},"42":{"start":{"line":112,"column":4},"end":{"line":112,"column":47}},"43":{"start":{"line":114,"column":18},"end":{"line":114,"column":33}},"44":{"start":{"line":116,"column":4},"end":{"line":116,"column":25}},"45":{"start":{"line":117,"column":17},"end":{"line":117,"column":44}},"46":{"start":{"line":119,"column":37},"end":{"line":119,"column":39}},"47":{"start":{"line":121,"column":4},"end":{"line":123,"column":7}},"48":{"start":{"line":122,"column":6},"end":{"line":122,"column":35}},"49":{"start":{"line":125,"column":4},"end":{"line":125,"column":22}},"50":{"start":{"line":126,"column":4},"end":{"line":126,"column":42}},"51":{"start":{"line":127,"column":4},"end":{"line":127,"column":49}},"52":{"start":{"line":130,"column":2},"end":{"line":209,"column":5}},"53":{"start":{"line":131,"column":4},"end":{"line":158,"column":7}},"54":{"start":{"line":132,"column":21},"end":{"line":132,"column":45}},"55":{"start":{"line":133,"column":21},"end":{"line":133,"column":52}},"56":{"start":{"line":134,"column":29},"end":{"line":138,"column":null}},"57":{"start":{"line":141,"column":26},"end":{"line":147,"column":8}},"58":{"start":{"line":148,"column":22},"end":{"line":148,"column":39}},"59":{"start":{"line":149,"column":6},"end":{"line":149,"column":26}},"60":{"start":{"line":151,"column":6},"end":{"line":151,"column":45}},"61":{"start":{"line":153,"column":22},"end":{"line":153,"column":46}},"62":{"start":{"line":155,"column":28},"end":{"line":155,"column":54}},"63":{"start":{"line":157,"column":6},"end":{"line":157,"column":49}},"64":{"start":{"line":160,"column":4},"end":{"line":186,"column":7}},"65":{"start":{"line":161,"column":21},"end":{"line":161,"column":45}},"66":{"start":{"line":162,"column":21},"end":{"line":162,"column":52}},"67":{"start":{"line":163,"column":29},"end":{"line":167,"column":null}},"68":{"start":{"line":170,"column":24},"end":{"line":170,"column":25}},"69":{"start":{"line":172,"column":6},"end":{"line":174,"column":9}},"70":{"start":{"line":173,"column":8},"end":{"line":173,"column":22}},"71":{"start":{"line":176,"column":22},"end":{"line":176,"column":39}},"72":{"start":{"line":177,"column":6},"end":{"line":177,"column":45}},"73":{"start":{"line":178,"column":6},"end":{"line":183,"column":8}},"74":{"start":{"line":179,"column":8},"end":{"line":181,"column":null}},"75":{"start":{"line":184,"column":6},"end":{"line":184,"column":45}},"76":{"start":{"line":185,"column":6},"end":{"line":185,"column":37}}},"fnMap":{"0":{"name":"(anonymous_0)","decl":{"start":{"line":12,"column":29},"end":{"line":12,"column":32}},"loc":{"start":{"line":12,"column":34},"end":{"line":210,"column":1}}},"1":{"name":"(anonymous_1)","decl":{"start":{"line":19,"column":13},"end":{"line":19,"column":16}},"loc":{"start":{"line":19,"column":18},"end":{"line":21,"column":3}}},"2":{"name":"(anonymous_2)","decl":{"start":{"line":23,"column":12},"end":{"line":23,"column":17}},"loc":{"start":{"line":23,"column":23},"end":{"line":27,"column":3}}},"3":{"name":"(anonymous_3)","decl":{"start":{"line":29,"column":2},"end":{"line":29,"column":8}},"loc":{"start":{"line":29,"column":2},"end":{"line":38,"column":3}}},"4":{"name":"(anonymous_4)","decl":{"start":{"line":30,"column":11},"end":{"line":30,"column":25}},"loc":{"start":{"line":30,"column":25},"end":{"line":32,"column":5}}},"5":{"name":"(anonymous_5)","decl":{"start":{"line":33,"column":11},"end":{"line":33,"column":21}},"loc":{"start":{"line":33,"column":21},"end":{"line":35,"column":5}}},"6":{"name":"(anonymous_6)","decl":{"start":{"line":40,"column":2},"end":{"line":40,"column":8}},"loc":{"start":{"line":40,"column":2},"end":{"line":58,"column":3}}},"7":{"name":"(anonymous_7)","decl":{"start":{"line":41,"column":11},"end":{"line":41,"column":21}},"loc":{"start":{"line":41,"column":21},"end":{"line":43,"column":5}}},"8":{"name":"(anonymous_8)","decl":{"start":{"line":45,"column":11},"end":{"line":45,"column":33}},"loc":{"start":{"line":45,"column":33},"end":{"line":47,"column":5}}},"9":{"name":"(anonymous_9)","decl":{"start":{"line":49,"column":11},"end":{"line":49,"column":31}},"loc":{"start":{"line":49,"column":31},"end":{"line":51,"column":5}}},"10":{"name":"(anonymous_10)","decl":{"start":{"line":53,"column":11},"end":{"line":53,"column":33}},"loc":{"start":{"line":53,"column":33},"end":{"line":55,"column":5}}},"11":{"name":"(anonymous_11)","decl":{"start":{"line":60,"column":78},"end":{"line":60,"column":83}},"loc":{"start":{"line":60,"column":93},"end":{"line":99,"column":3}}},"12":{"name":"(anonymous_12)","decl":{"start":{"line":62,"column":6},"end":{"line":62,"column":25}},"loc":{"start":{"line":62,"column":40},"end":{"line":65,"column":7}}},"13":{"name":"(anonymous_13)","decl":{"start":{"line":67,"column":13},"end":{"line":67,"column":23}},"loc":{"start":{"line":67,"column":23},"end":{"line":69,"column":7}}},"14":{"name":"(anonymous_14)","decl":{"start":{"line":92,"column":30},"end":{"line":92,"column":31}},"loc":{"start":{"line":92,"column":51},"end":{"line":96,"column":5}}},"15":{"name":"(anonymous_15)","decl":{"start":{"line":101,"column":83},"end":{"line":101,"column":88}},"loc":{"start":{"line":101,"column":94},"end":{"line":128,"column":3}}},"16":{"name":"(anonymous_16)","decl":{"start":{"line":121,"column":30},"end":{"line":121,"column":31}},"loc":{"start":{"line":121,"column":56},"end":{"line":123,"column":5}}},"17":{"name":"(anonymous_17)","decl":{"start":{"line":130,"column":23},"end":{"line":130,"column":26}},"loc":{"start":{"line":130,"column":28},"end":{"line":209,"column":3}}},"18":{"name":"(anonymous_18)","decl":{"start":{"line":131,"column":60},"end":{"line":131,"column":65}},"loc":{"start":{"line":131,"column":71},"end":{"line":158,"column":5}}},"19":{"name":"(anonymous_19)","decl":{"start":{"line":160,"column":59},"end":{"line":160,"column":64}},"loc":{"start":{"line":160,"column":70},"end":{"line":186,"column":5}}},"20":{"name":"(anonymous_20)","decl":{"start":{"line":172,"column":30},"end":{"line":172,"column":33}},"loc":{"start":{"line":172,"column":35},"end":{"line":174,"column":7}}},"21":{"name":"(anonymous_21)","decl":{"start":{"line":178,"column":24},"end":{"line":178,"column":25}},"loc":{"start":{"line":179,"column":8},"end":{"line":181,"column":null}}}},"branchMap":{},"s":{"0":0,"1":0,"2":0,"3":0,"4":0,"5":0,"6":0,"7":0,"8":0,"9":0,"10":0,"11":0,"12":0,"13":0,"14":0,"15":0,"16":0,"17":0,"18":0,"19":0,"20":0,"21":0,"22":0,"23":0,"24":0,"25":0,"26":0,"27":0,"28":0,"29":0,"30":0,"31":0,"32":0,"33":0,"34":0,"35":0,"36":0,"37":0,"38":0,"39":0,"40":0,"41":0,"42":0,"43":0,"44":0,"45":0,"46":0,"47":0,"48":0,"49":0,"50":0,"51":0,"52":0,"53":0,"54":0,"55":0,"56":0,"57":0,"58":0,"59":0,"60":0,"61":0,"62":0,"63":0,"64":0,"65":0,"66":0,"67":0,"68":0,"69":0,"70":0,"71":0,"72":0,"73":0,"74":0,"75":0,"76":0},"f":{"0":0,"1":0,"2":0,"3":0,"4":0,"5":0,"6":0,"7":0,"8":0,"9":0,"10":0,"11":0,"12":0,"13":0,"14":0,"15":0,"16":0,"17":0,"18":0,"19":0,"20":0,"21":0},"b":{}}
,"/Users/wainwb01/repos/planv7/packages/framework/src/WebsocketClient.ts": {"path":"/Users/wainwb01/repos/planv7/packages/framework/src/WebsocketClient.ts","statementMap":{"0":{"start":{"line":1,"column":0},"end":{"line":1,"column":null}},"1":{"start":{"line":10,"column":0},"end":{"line":10,"column":47}},"2":{"start":{"line":12,"column":0},"end":{"line":12,"column":28}},"3":{"start":{"line":14,"column":24},"end":{"line":14,"column":25}},"4":{"start":{"line":17,"column":36},"end":{"line":141,"column":null}},"5":{"start":{"line":40,"column":4},"end":{"line":40,"column":33}},"6":{"start":{"line":41,"column":4},"end":{"line":41,"column":25}},"7":{"start":{"line":42,"column":4},"end":{"line":42,"column":19}},"8":{"start":{"line":43,"column":4},"end":{"line":43,"column":25}},"9":{"start":{"line":47,"column":4},"end":{"line":51,"column":null}},"10":{"start":{"line":48,"column":6},"end":{"line":48,"column":45}},"11":{"start":{"line":49,"column":6},"end":{"line":49,"column":26}},"12":{"start":{"line":50,"column":6},"end":{"line":50,"column":30}},"13":{"start":{"line":55,"column":20},"end":{"line":55,"column":54}},"14":{"start":{"line":56,"column":4},"end":{"line":56,"column":36}},"15":{"start":{"line":62,"column":4},"end":{"line":62,"column":37}},"16":{"start":{"line":63,"column":4},"end":{"line":65,"column":null}},"17":{"start":{"line":64,"column":6},"end":{"line":64,"column":29}},"18":{"start":{"line":69,"column":4},"end":{"line":69,"column":54}},"19":{"start":{"line":70,"column":4},"end":{"line":70,"column":28}},"20":{"start":{"line":71,"column":4},"end":{"line":71,"column":37}},"21":{"start":{"line":75,"column":4},"end":{"line":75,"column":63}},"22":{"start":{"line":76,"column":4},"end":{"line":96,"column":null}},"23":{"start":{"line":77,"column":28},"end":{"line":78,"column":null}},"24":{"start":{"line":80,"column":6},"end":{"line":91,"column":null}},"25":{"start":{"line":81,"column":8},"end":{"line":83,"column":10}},"26":{"start":{"line":84,"column":8},"end":{"line":84,"column":45}},"27":{"start":{"line":85,"column":8},"end":{"line":85,"column":54}},"28":{"start":{"line":87,"column":8},"end":{"line":89,"column":10}},"29":{"start":{"line":90,"column":8},"end":{"line":90,"column":45}},"30":{"start":{"line":93,"column":6},"end":{"line":95,"column":8}},"31":{"start":{"line":100,"column":4},"end":{"line":113,"column":null}},"32":{"start":{"line":101,"column":6},"end":{"line":101,"column":57}},"33":{"start":{"line":102,"column":6},"end":{"line":102,"column":44}},"34":{"start":{"line":103,"column":6},"end":{"line":109,"column":null}},"35":{"start":{"line":104,"column":8},"end":{"line":104,"column":41}},"36":{"start":{"line":107,"column":8},"end":{"line":107,"column":41}},"37":{"start":{"line":108,"column":8},"end":{"line":108,"column":15}},"38":{"start":{"line":110,"column":6},"end":{"line":110,"column":69}},"39":{"start":{"line":111,"column":6},"end":{"line":111,"column":73}},"40":{"start":{"line":112,"column":6},"end":{"line":112,"column":56}},"41":{"start":{"line":117,"column":4},"end":{"line":139,"column":null}},"42":{"start":{"line":118,"column":6},"end":{"line":120,"column":null}},"43":{"start":{"line":119,"column":8},"end":{"line":119,"column":33}},"44":{"start":{"line":121,"column":6},"end":{"line":138,"column":9}},"45":{"start":{"line":122,"column":8},"end":{"line":137,"column":null}},"46":{"start":{"line":123,"column":10},"end":{"line":123,"column":68}},"47":{"start":{"line":125,"column":26},"end":{"line":131,"column":41}},"48":{"start":{"line":126,"column":12},"end":{"line":130,"column":null}},"49":{"start":{"line":127,"column":14},"end":{"line":127,"column":55}},"50":{"start":{"line":128,"column":14},"end":{"line":128,"column":27}},"51":{"start":{"line":129,"column":14},"end":{"line":129,"column":59}},"52":{"start":{"line":133,"column":10},"end":{"line":136,"column":13}},"53":{"start":{"line":134,"column":12},"end":{"line":134,"column":34}},"54":{"start":{"line":135,"column":12},"end":{"line":135,"column":22}},"55":{"start":{"line":19,"column":25},"end":{"line":19,"column":44}},"56":{"start":{"line":17,"column":21},"end":{"line":141,"column":null}},"57":{"start":{"line":17,"column":21},"end":{"line":17,"column":null}}},"fnMap":{"0":{"name":"(anonymous_0)","decl":{"start":{"line":27,"column":2},"end":{"line":27,"column":null}},"loc":{"start":{"line":38,"column":18},"end":{"line":44,"column":3}}},"1":{"name":"(anonymous_1)","decl":{"start":{"line":46,"column":9},"end":{"line":46,"column":14}},"loc":{"start":{"line":46,"column":14},"end":{"line":52,"column":3}}},"2":{"name":"(anonymous_2)","decl":{"start":{"line":54,"column":9},"end":{"line":54,"column":14}},"loc":{"start":{"line":54,"column":53},"end":{"line":57,"column":3}}},"3":{"name":"(anonymous_3)","decl":{"start":{"line":59,"column":10},"end":{"line":59,"column":15}},"loc":{"start":{"line":60,"column":75},"end":{"line":66,"column":3}}},"4":{"name":"(anonymous_4)","decl":{"start":{"line":68,"column":10},"end":{"line":68,"column":15}},"loc":{"start":{"line":68,"column":23},"end":{"line":72,"column":3}}},"5":{"name":"(anonymous_5)","decl":{"start":{"line":74,"column":10},"end":{"line":74,"column":19}},"loc":{"start":{"line":74,"column":41},"end":{"line":97,"column":3}}},"6":{"name":"(anonymous_6)","decl":{"start":{"line":99,"column":9},"end":{"line":99,"column":14}},"loc":{"start":{"line":99,"column":34},"end":{"line":114,"column":3}}},"7":{"name":"(anonymous_7)","decl":{"start":{"line":116,"column":10},"end":{"line":116,"column":15}},"loc":{"start":{"line":116,"column":35},"end":{"line":140,"column":3}}},"8":{"name":"(anonymous_8)","decl":{"start":{"line":121,"column":31},"end":{"line":121,"column":32}},"loc":{"start":{"line":121,"column":51},"end":{"line":138,"column":7}}},"9":{"name":"(anonymous_9)","decl":{"start":{"line":125,"column":37},"end":{"line":125,"column":40}},"loc":{"start":{"line":125,"column":42},"end":{"line":131,"column":11}}},"10":{"name":"(anonymous_10)","decl":{"start":{"line":133,"column":47},"end":{"line":133,"column":56}},"loc":{"start":{"line":133,"column":58},"end":{"line":136,"column":11}}}},"branchMap":{"0":{"loc":{"start":{"line":47,"column":4},"end":{"line":51,"column":null}},"type":"if","locations":[{"start":{"line":47,"column":4},"end":{"line":51,"column":null}},{"start":{"line":47,"column":4},"end":{"line":51,"column":null}}]},"1":{"loc":{"start":{"line":63,"column":4},"end":{"line":65,"column":null}},"type":"if","locations":[{"start":{"line":63,"column":4},"end":{"line":65,"column":null}},{"start":{"line":63,"column":4},"end":{"line":65,"column":null}}]},"2":{"loc":{"start":{"line":80,"column":6},"end":{"line":91,"column":null}},"type":"if","locations":[{"start":{"line":80,"column":6},"end":{"line":91,"column":null}},{"start":{"line":80,"column":6},"end":{"line":91,"column":null}}]},"3":{"loc":{"start":{"line":100,"column":4},"end":{"line":113,"column":null}},"type":"if","locations":[{"start":{"line":100,"column":4},"end":{"line":113,"column":null}},{"start":{"line":100,"column":4},"end":{"line":113,"column":null}}]},"4":{"loc":{"start":{"line":100,"column":8},"end":{"line":100,"column":20}},"type":"binary-expr","locations":[{"start":{"line":100,"column":8},"end":{"line":100,"column":20}},{"start":{"line":100,"column":24},"end":{"line":100,"column":66}}]},"5":{"loc":{"start":{"line":117,"column":4},"end":{"line":139,"column":null}},"type":"if","locations":[{"start":{"line":117,"column":4},"end":{"line":139,"column":null}},{"start":{"line":117,"column":4},"end":{"line":139,"column":null}}]},"6":{"loc":{"start":{"line":118,"column":6},"end":{"line":120,"column":null}},"type":"if","locations":[{"start":{"line":118,"column":6},"end":{"line":120,"column":null}},{"start":{"line":118,"column":6},"end":{"line":120,"column":null}}]},"7":{"loc":{"start":{"line":122,"column":8},"end":{"line":137,"column":null}},"type":"if","locations":[{"start":{"line":122,"column":8},"end":{"line":137,"column":null}},{"start":{"line":122,"column":8},"end":{"line":137,"column":null}}]},"8":{"loc":{"start":{"line":126,"column":12},"end":{"line":130,"column":null}},"type":"if","locations":[{"start":{"line":126,"column":12},"end":{"line":130,"column":null}},{"start":{"line":126,"column":12},"end":{"line":130,"column":null}}]}},"s":{"0":1,"1":1,"2":1,"3":1,"4":1,"5":4,"6":4,"7":4,"8":4,"9":0,"10":0,"11":0,"12":0,"13":3,"14":3,"15":3,"16":3,"17":3,"18":0,"19":0,"20":0,"21":2,"22":2,"23":2,"24":2,"25":1,"26":1,"27":1,"28":1,"29":1,"30":0,"31":5,"32":4,"33":4,"34":4,"35":4,"36":0,"37":0,"38":4,"39":4,"40":4,"41":4,"42":4,"43":0,"44":4,"45":4,"46":4,"47":4,"48":0,"49":0,"50":0,"51":0,"52":4,"53":4,"54":4,"55":1,"56":1,"57":1},"f":{"0":4,"1":0,"2":3,"3":3,"4":0,"5":2,"6":5,"7":4,"8":4,"9":0,"10":4},"b":{"0":[0,0],"1":[3,0],"2":[1,1],"3":[4,1],"4":[5,1],"5":[4,0],"6":[0,4],"7":[4,0],"8":[0,0]}}
,"/Users/wainwb01/repos/planv7/packages/framework/src/WebsocketConnection.spec.ts": {"path":"/Users/wainwb01/repos/planv7/packages/framework/src/WebsocketConnection.spec.ts","statementMap":{"0":{"start":{"line":1,"column":0},"end":{"line":1,"column":59}},"1":{"start":{"line":2,"column":0},"end":{"line":2,"column":null}},"2":{"start":{"line":10,"column":0},"end":{"line":10,"column":78}},"3":{"start":{"line":12,"column":0},"end":{"line":12,"column":38}},"4":{"start":{"line":13,"column":0},"end":{"line":13,"column":27}},"5":{"start":{"line":14,"column":0},"end":{"line":14,"column":56}},"6":{"start":{"line":15,"column":0},"end":{"line":15,"column":35}},"7":{"start":{"line":16,"column":0},"end":{"line":16,"column":58}},"8":{"start":{"line":19,"column":15},"end":{"line":21,"column":1}},"9":{"start":{"line":20,"column":2},"end":{"line":20,"column":33}},"10":{"start":{"line":23,"column":0},"end":{"line":177,"column":3}},"11":{"start":{"line":24,"column":2},"end":{"line":24,"column":64}},"12":{"start":{"line":25,"column":2},"end":{"line":25,"column":58}},"13":{"start":{"line":27,"column":2},"end":{"line":64,"column":5}},"14":{"start":{"line":28,"column":22},"end":{"line":28,"column":37}},"15":{"start":{"line":29,"column":27},"end":{"line":29,"column":53}},"16":{"start":{"line":31,"column":4},"end":{"line":33,"column":39}},"17":{"start":{"line":35,"column":19},"end":{"line":38,"column":6}},"18":{"start":{"line":40,"column":19},"end":{"line":40,"column":41}},"19":{"start":{"line":42,"column":23},"end":{"line":45,"column":6}},"20":{"start":{"line":47,"column":4},"end":{"line":47,"column":52}},"21":{"start":{"line":49,"column":19},"end":{"line":49,"column":54}},"22":{"start":{"line":51,"column":23},"end":{"line":56,"column":null}},"23":{"start":{"line":59,"column":22},"end":{"line":59,"column":49}},"24":{"start":{"line":61,"column":4},"end":{"line":61,"column":37}},"25":{"start":{"line":63,"column":4},"end":{"line":63,"column":56}},"26":{"start":{"line":66,"column":2},"end":{"line":126,"column":5}},"27":{"start":{"line":67,"column":22},"end":{"line":67,"column":37}},"28":{"start":{"line":74,"column":13},"end":{"line":74,"column":22}},"29":{"start":{"line":71,"column":8},"end":{"line":71,"column":29}},"30":{"start":{"line":77,"column":24},"end":{"line":81,"column":6}},"31":{"start":{"line":83,"column":27},"end":{"line":83,"column":55}},"32":{"start":{"line":85,"column":4},"end":{"line":87,"column":39}},"33":{"start":{"line":89,"column":21},"end":{"line":89,"column":38}},"34":{"start":{"line":90,"column":4},"end":{"line":90,"column":25}},"35":{"start":{"line":92,"column":4},"end":{"line":92,"column":47}},"36":{"start":{"line":94,"column":19},"end":{"line":94,"column":43}},"37":{"start":{"line":96,"column":19},"end":{"line":96,"column":55}},"38":{"start":{"line":98,"column":4},"end":{"line":119,"column":7}},"39":{"start":{"line":100,"column":6},"end":{"line":108,"column":8}},"40":{"start":{"line":110,"column":6},"end":{"line":116,"column":9}},"41":{"start":{"line":111,"column":8},"end":{"line":113,"column":58}},"42":{"start":{"line":113,"column":33},"end":{"line":113,"column":55}},"43":{"start":{"line":114,"column":8},"end":{"line":114,"column":23}},"44":{"start":{"line":115,"column":8},"end":{"line":115,"column":15}},"45":{"start":{"line":118,"column":6},"end":{"line":118,"column":58}},"46":{"start":{"line":121,"column":4},"end":{"line":125,"column":7}},"47":{"start":{"line":122,"column":22},"end":{"line":122,"column":63}},"48":{"start":{"line":124,"column":6},"end":{"line":124,"column":65}},"49":{"start":{"line":128,"column":2},"end":{"line":176,"column":5}},"50":{"start":{"line":129,"column":22},"end":{"line":129,"column":37}},"51":{"start":{"line":131,"column":27},"end":{"line":133,"column":6}},"52":{"start":{"line":135,"column":21},"end":{"line":135,"column":46}},"53":{"start":{"line":137,"column":4},"end":{"line":137,"column":55}},"54":{"start":{"line":139,"column":4},"end":{"line":141,"column":39}},"55":{"start":{"line":143,"column":19},"end":{"line":146,"column":6}},"56":{"start":{"line":148,"column":19},"end":{"line":148,"column":41}},"57":{"start":{"line":149,"column":24},"end":{"line":149,"column":52}},"58":{"start":{"line":150,"column":4},"end":{"line":150,"column":37}},"59":{"start":{"line":152,"column":5},"end":{"line":152,"column":66}},"60":{"start":{"line":154,"column":23},"end":{"line":157,"column":6}},"61":{"start":{"line":159,"column":4},"end":{"line":159,"column":51}},"62":{"start":{"line":160,"column":4},"end":{"line":160,"column":56}},"63":{"start":{"line":162,"column":19},"end":{"line":162,"column":54}},"64":{"start":{"line":164,"column":23},"end":{"line":169,"column":null}},"65":{"start":{"line":172,"column":4},"end":{"line":172,"column":38}},"66":{"start":{"line":174,"column":4},"end":{"line":174,"column":64}},"67":{"start":{"line":175,"column":4},"end":{"line":175,"column":55}}},"fnMap":{"0":{"name":"(anonymous_0)","decl":{"start":{"line":19,"column":15},"end":{"line":19,"column":19}},"loc":{"start":{"line":19,"column":36},"end":{"line":21,"column":1}}},"1":{"name":"(anonymous_1)","decl":{"start":{"line":23,"column":33},"end":{"line":23,"column":36}},"loc":{"start":{"line":23,"column":38},"end":{"line":177,"column":1}}},"2":{"name":"(anonymous_2)","decl":{"start":{"line":27,"column":49},"end":{"line":27,"column":52}},"loc":{"start":{"line":27,"column":54},"end":{"line":64,"column":3}}},"3":{"name":"(anonymous_3)","decl":{"start":{"line":66,"column":65},"end":{"line":66,"column":66}},"loc":{"start":{"line":66,"column":74},"end":{"line":126,"column":3}}},"4":{"name":"(anonymous_4)","decl":{"start":{"line":69,"column":4},"end":{"line":69,"column":10}},"loc":{"start":{"line":69,"column":4},"end":{"line":75,"column":5}}},"5":{"name":"(anonymous_5)","decl":{"start":{"line":70,"column":13},"end":{"line":70,"column":23}},"loc":{"start":{"line":70,"column":23},"end":{"line":72,"column":7}}},"6":{"name":"(anonymous_6)","decl":{"start":{"line":98,"column":28},"end":{"line":98,"column":29}},"loc":{"start":{"line":98,"column":50},"end":{"line":119,"column":5}}},"7":{"name":"(anonymous_7)","decl":{"start":{"line":110,"column":27},"end":{"line":110,"column":30}},"loc":{"start":{"line":110,"column":32},"end":{"line":116,"column":7}}},"8":{"name":"(anonymous_8)","decl":{"start":{"line":113,"column":26},"end":{"line":113,"column":27}},"loc":{"start":{"line":113,"column":33},"end":{"line":113,"column":55}}},"9":{"name":"(anonymous_9)","decl":{"start":{"line":121,"column":17},"end":{"line":121,"column":20}},"loc":{"start":{"line":121,"column":22},"end":{"line":125,"column":5}}},"10":{"name":"(anonymous_10)","decl":{"start":{"line":128,"column":59},"end":{"line":128,"column":64}},"loc":{"start":{"line":128,"column":70},"end":{"line":176,"column":3}}}},"branchMap":{},"s":{"0":0,"1":0,"2":0,"3":0,"4":0,"5":0,"6":0,"7":0,"8":0,"9":0,"10":0,"11":0,"12":0,"13":0,"14":0,"15":0,"16":0,"17":0,"18":0,"19":0,"20":0,"21":0,"22":0,"23":0,"24":0,"25":0,"26":0,"27":0,"28":0,"29":0,"30":0,"31":0,"32":0,"33":0,"34":0,"35":0,"36":0,"37":0,"38":0,"39":0,"40":0,"41":0,"42":0,"43":0,"44":0,"45":0,"46":0,"47":0,"48":0,"49":0,"50":0,"51":0,"52":0,"53":0,"54":0,"55":0,"56":0,"57":0,"58":0,"59":0,"60":0,"61":0,"62":0,"63":0,"64":0,"65":0,"66":0,"67":0},"f":{"0":0,"1":0,"2":0,"3":0,"4":0,"5":0,"6":0,"7":0,"8":0,"9":0,"10":0},"b":{}}
,"/Users/wainwb01/repos/planv7/packages/framework/src/WebsocketConnection.ts": {"path":"/Users/wainwb01/repos/planv7/packages/framework/src/WebsocketConnection.ts","statementMap":{"0":{"start":{"line":1,"column":0},"end":{"line":1,"column":null}},"1":{"start":{"line":8,"column":0},"end":{"line":8,"column":null}},"2":{"start":{"line":15,"column":0},"end":{"line":15,"column":47}},"3":{"start":{"line":17,"column":0},"end":{"line":17,"column":27}},"4":{"start":{"line":20,"column":0},"end":{"line":72,"column":null}},"5":{"start":{"line":42,"column":4},"end":{"line":42,"column":33}},"6":{"start":{"line":43,"column":4},"end":{"line":43,"column":33}},"7":{"start":{"line":44,"column":4},"end":{"line":44,"column":25}},"8":{"start":{"line":45,"column":4},"end":{"line":45,"column":28}},"9":{"start":{"line":46,"column":4},"end":{"line":46,"column":49}},"10":{"start":{"line":47,"column":4},"end":{"line":47,"column":47}},"11":{"start":{"line":48,"column":4},"end":{"line":48,"column":25}},"12":{"start":{"line":50,"column":4},"end":{"line":50,"column":57}},"13":{"start":{"line":51,"column":4},"end":{"line":51,"column":41}},"14":{"start":{"line":55,"column":4},"end":{"line":55,"column":61}},"15":{"start":{"line":56,"column":24},"end":{"line":56,"column":69}},"16":{"start":{"line":57,"column":4},"end":{"line":57,"column":34}},"17":{"start":{"line":61,"column":20},"end":{"line":61,"column":72}},"18":{"start":{"line":62,"column":4},"end":{"line":70,"column":null}},"19":{"start":{"line":63,"column":6},"end":{"line":63,"column":45}},"20":{"start":{"line":65,"column":6},"end":{"line":67,"column":8}},"21":{"start":{"line":68,"column":26},"end":{"line":68,"column":71}},"22":{"start":{"line":69,"column":6},"end":{"line":69,"column":36}},"23":{"start":{"line":20,"column":21},"end":{"line":72,"column":null}},"24":{"start":{"line":20,"column":21},"end":{"line":20,"column":null}}},"fnMap":{"0":{"name":"(anonymous_0)","decl":{"start":{"line":27,"column":2},"end":{"line":27,"column":null}},"loc":{"start":{"line":40,"column":18},"end":{"line":52,"column":3}}},"1":{"name":"(anonymous_1)","decl":{"start":{"line":54,"column":9},"end":{"line":54,"column":19}},"loc":{"start":{"line":54,"column":38},"end":{"line":58,"column":3}}},"2":{"name":"(anonymous_2)","decl":{"start":{"line":60,"column":9},"end":{"line":60,"column":14}},"loc":{"start":{"line":60,"column":45},"end":{"line":71,"column":3}}}},"branchMap":{},"s":{"0":1,"1":1,"2":1,"3":1,"4":1,"5":3,"6":3,"7":3,"8":3,"9":3,"10":3,"11":3,"12":3,"13":3,"14":1,"15":1,"16":1,"17":2,"18":2,"19":2,"20":1,"21":1,"22":1,"23":1,"24":1},"f":{"0":3,"1":1,"2":2},"b":{}}
,"/Users/wainwb01/repos/planv7/packages/framework/src/WinstonConfig.ts": {"path":"/Users/wainwb01/repos/planv7/packages/framework/src/WinstonConfig.ts","statementMap":{"0":{"start":{"line":8,"column":4},"end":{"line":8,"column":23}},"1":{"start":{"line":9,"column":4},"end":{"line":9,"column":33}},"2":{"start":{"line":3,"column":0},"end":{"line":3,"column":21}}},"fnMap":{"0":{"name":"(anonymous_0)","decl":{"start":{"line":7,"column":2},"end":{"line":7,"column":21}},"loc":{"start":{"line":7,"column":59},"end":{"line":10,"column":3}}}},"branchMap":{},"s":{"0":0,"1":0,"2":0},"f":{"0":0},"b":{}}
,"/Users/wainwb01/repos/planv7/packages/framework/src/WinstonLogger.ts": {"path":"/Users/wainwb01/repos/planv7/packages/framework/src/WinstonLogger.ts","statementMap":{"0":{"start":{"line":1,"column":0},"end":{"line":1,"column":58}},"1":{"start":{"line":2,"column":0},"end":{"line":2,"column":47}},"2":{"start":{"line":5,"column":0},"end":{"line":5,"column":44}},"3":{"start":{"line":8,"column":0},"end":{"line":44,"column":null}},"4":{"start":{"line":12,"column":4},"end":{"line":14,"column":7}},"5":{"start":{"line":16,"column":4},"end":{"line":18,"column":null}},"6":{"start":{"line":17,"column":6},"end":{"line":17,"column":33}},"7":{"start":{"line":22,"column":4},"end":{"line":22,"column":36}},"8":{"start":{"line":26,"column":4},"end":{"line":26,"column":38}},"9":{"start":{"line":30,"column":4},"end":{"line":30,"column":37}},"10":{"start":{"line":34,"column":4},"end":{"line":34,"column":37}},"11":{"start":{"line":38,"column":4},"end":{"line":38,"column":38}},"12":{"start":{"line":42,"column":4},"end":{"line":42,"column":40}},"13":{"start":{"line":8,"column":21},"end":{"line":44,"column":null}},"14":{"start":{"line":8,"column":21},"end":{"line":8,"column":null}}},"fnMap":{"0":{"name":"(anonymous_0)","decl":{"start":{"line":11,"column":2},"end":{"line":11,"column":22}},"loc":{"start":{"line":11,"column":65},"end":{"line":19,"column":3}}},"1":{"name":"(anonymous_1)","decl":{"start":{"line":21,"column":9},"end":{"line":21,"column":12}},"loc":{"start":{"line":21,"column":43},"end":{"line":23,"column":3}}},"2":{"name":"(anonymous_2)","decl":{"start":{"line":25,"column":9},"end":{"line":25,"column":14}},"loc":{"start":{"line":25,"column":30},"end":{"line":27,"column":3}}},"3":{"name":"(anonymous_3)","decl":{"start":{"line":29,"column":9},"end":{"line":29,"column":16}},"loc":{"start":{"line":29,"column":32},"end":{"line":31,"column":3}}},"4":{"name":"(anonymous_4)","decl":{"start":{"line":33,"column":9},"end":{"line":33,"column":13}},"loc":{"start":{"line":33,"column":29},"end":{"line":35,"column":3}}},"5":{"name":"(anonymous_5)","decl":{"start":{"line":37,"column":9},"end":{"line":37,"column":14}},"loc":{"start":{"line":37,"column":30},"end":{"line":39,"column":3}}},"6":{"name":"(anonymous_6)","decl":{"start":{"line":41,"column":9},"end":{"line":41,"column":16}},"loc":{"start":{"line":41,"column":32},"end":{"line":43,"column":3}}}},"branchMap":{},"s":{"0":0,"1":0,"2":0,"3":0,"4":0,"5":0,"6":0,"7":0,"8":0,"9":0,"10":0,"11":0,"12":0,"13":0,"14":0},"f":{"0":0,"1":0,"2":0,"3":0,"4":0,"5":0,"6":0},"b":{}}
,"/Users/wainwb01/repos/planv7/packages/framework/src/constants.ts": {"path":"/Users/wainwb01/repos/planv7/packages/framework/src/constants.ts","statementMap":{"0":{"start":{"line":1,"column":13},"end":{"line":1,"column":63}},"1":{"start":{"line":2,"column":13},"end":{"line":2,"column":74}},"2":{"start":{"line":3,"column":13},"end":{"line":3,"column":49}},"3":{"start":{"line":4,"column":13},"end":{"line":4,"column":48}},"4":{"start":{"line":5,"column":13},"end":{"line":5,"column":33}}},"fnMap":{},"branchMap":{},"s":{"0":2,"1":2,"2":2,"3":2,"4":2},"f":{},"b":{}}
,"/Users/wainwb01/repos/planv7/packages/framework/src/keys.ts": {"path":"/Users/wainwb01/repos/planv7/packages/framework/src/keys.ts","statementMap":{"0":{"start":{"line":4,"column":13},"end":{"line":30,"column":31}},"1":{"start":{"line":32,"column":13},"end":{"line":40,"column":26}}},"fnMap":{},"branchMap":{},"s":{"0":3,"1":3},"f":{},"b":{}}
,"/Users/wainwb01/repos/planv7/packages/framework/src/authentication/AuthorisingDispatcher.spec.ts": {"path":"/Users/wainwb01/repos/planv7/packages/framework/src/authentication/AuthorisingDispatcher.spec.ts","statementMap":{"0":{"start":{"line":1,"column":0},"end":{"line":1,"column":null}},"1":{"start":{"line":7,"column":0},"end":{"line":7,"column":59}},"2":{"start":{"line":8,"column":0},"end":{"line":8,"column":47}},"3":{"start":{"line":10,"column":0},"end":{"line":10,"column":60}},"4":{"start":{"line":12,"column":0},"end":{"line":12,"column":24}},"5":{"start":{"line":14,"column":18},"end":{"line":14,"column":36}},"6":{"start":{"line":15,"column":13},"end":{"line":15,"column":20}},"7":{"start":{"line":16,"column":29},"end":{"line":16,"column":50}},"8":{"start":{"line":17,"column":28},"end":{"line":17,"column":74}},"9":{"start":{"line":18,"column":28},"end":{"line":18,"column":78}},"10":{"start":{"line":20,"column":0},"end":{"line":156,"column":3}},"11":{"start":{"line":21,"column":2},"end":{"line":49,"column":5}},"12":{"start":{"line":24,"column":8},"end":{"line":24,"column":29}},"13":{"start":{"line":28,"column":20},"end":{"line":28,"column":37}},"14":{"start":{"line":30,"column":19},"end":{"line":30,"column":52}},"15":{"start":{"line":31,"column":23},"end":{"line":31,"column":51}},"16":{"start":{"line":32,"column":20},"end":{"line":32,"column":57}},"17":{"start":{"line":33,"column":19},"end":{"line":33,"column":56}},"18":{"start":{"line":34,"column":23},"end":{"line":39,"column":null}},"19":{"start":{"line":42,"column":4},"end":{"line":42,"column":56}},"20":{"start":{"line":44,"column":4},"end":{"line":44,"column":68}},"21":{"start":{"line":46,"column":4},"end":{"line":46,"column":39}},"22":{"start":{"line":48,"column":4},"end":{"line":48,"column":40}},"23":{"start":{"line":51,"column":2},"end":{"line":81,"column":5}},"24":{"start":{"line":54,"column":8},"end":{"line":54,"column":29}},"25":{"start":{"line":58,"column":20},"end":{"line":58,"column":37}},"26":{"start":{"line":60,"column":19},"end":{"line":60,"column":52}},"27":{"start":{"line":61,"column":23},"end":{"line":61,"column":51}},"28":{"start":{"line":62,"column":20},"end":{"line":62,"column":57}},"29":{"start":{"line":63,"column":19},"end":{"line":63,"column":56}},"30":{"start":{"line":64,"column":23},"end":{"line":69,"column":null}},"31":{"start":{"line":72,"column":20},"end":{"line":72,"column":57}},"32":{"start":{"line":74,"column":4},"end":{"line":74,"column":46}},"33":{"start":{"line":76,"column":4},"end":{"line":76,"column":48}},"34":{"start":{"line":78,"column":4},"end":{"line":78,"column":39}},"35":{"start":{"line":80,"column":4},"end":{"line":80,"column":19}},"36":{"start":{"line":83,"column":2},"end":{"line":112,"column":5}},"37":{"start":{"line":86,"column":8},"end":{"line":86,"column":29}},"38":{"start":{"line":90,"column":20},"end":{"line":90,"column":37}},"39":{"start":{"line":92,"column":19},"end":{"line":92,"column":56}},"40":{"start":{"line":93,"column":19},"end":{"line":93,"column":52}},"41":{"start":{"line":94,"column":23},"end":{"line":94,"column":51}},"42":{"start":{"line":95,"column":20},"end":{"line":95,"column":57}},"43":{"start":{"line":96,"column":23},"end":{"line":101,"column":null}},"44":{"start":{"line":104,"column":4},"end":{"line":104,"column":63}},"45":{"start":{"line":106,"column":4},"end":{"line":106,"column":63}},"46":{"start":{"line":108,"column":4},"end":{"line":108,"column":48}},"47":{"start":{"line":110,"column":4},"end":{"line":110,"column":39}},"48":{"start":{"line":111,"column":4},"end":{"line":111,"column":65}},"49":{"start":{"line":114,"column":2},"end":{"line":155,"column":5}},"50":{"start":{"line":117,"column":8},"end":{"line":117,"column":29}},"51":{"start":{"line":121,"column":20},"end":{"line":121,"column":37}},"52":{"start":{"line":123,"column":19},"end":{"line":123,"column":56}},"53":{"start":{"line":124,"column":19},"end":{"line":124,"column":52}},"54":{"start":{"line":125,"column":23},"end":{"line":125,"column":51}},"55":{"start":{"line":126,"column":20},"end":{"line":126,"column":57}},"56":{"start":{"line":127,"column":4},"end":{"line":127,"column":48}},"57":{"start":{"line":128,"column":23},"end":{"line":133,"column":null}},"58":{"start":{"line":137,"column":6},"end":{"line":137,"column":96}},"59":{"start":{"line":138,"column":21},"end":{"line":138,"column":57}},"60":{"start":{"line":140,"column":4},"end":{"line":140,"column":76}},"61":{"start":{"line":143,"column":17},"end":{"line":143,"column":51}},"62":{"start":{"line":145,"column":4},"end":{"line":145,"column":19}},"63":{"start":{"line":147,"column":4},"end":{"line":147,"column":63}},"64":{"start":{"line":149,"column":4},"end":{"line":149,"column":58}},"65":{"start":{"line":151,"column":4},"end":{"line":151,"column":39}},"66":{"start":{"line":152,"column":4},"end":{"line":152,"column":70}},"67":{"start":{"line":153,"column":4},"end":{"line":153,"column":42}},"68":{"start":{"line":154,"column":4},"end":{"line":154,"column":48}}},"fnMap":{"0":{"name":"(anonymous_0)","decl":{"start":{"line":20,"column":35},"end":{"line":20,"column":38}},"loc":{"start":{"line":20,"column":40},"end":{"line":156,"column":1}}},"1":{"name":"(anonymous_1)","decl":{"start":{"line":21,"column":75},"end":{"line":21,"column":80}},"loc":{"start":{"line":21,"column":86},"end":{"line":49,"column":3}}},"2":{"name":"(anonymous_2)","decl":{"start":{"line":23,"column":13},"end":{"line":23,"column":23}},"loc":{"start":{"line":23,"column":23},"end":{"line":25,"column":7}}},"3":{"name":"(anonymous_3)","decl":{"start":{"line":51,"column":70},"end":{"line":51,"column":75}},"loc":{"start":{"line":51,"column":81},"end":{"line":81,"column":3}}},"4":{"name":"(anonymous_4)","decl":{"start":{"line":53,"column":13},"end":{"line":53,"column":23}},"loc":{"start":{"line":53,"column":23},"end":{"line":55,"column":7}}},"5":{"name":"(anonymous_5)","decl":{"start":{"line":83,"column":89},"end":{"line":83,"column":94}},"loc":{"start":{"line":83,"column":100},"end":{"line":112,"column":3}}},"6":{"name":"(anonymous_6)","decl":{"start":{"line":85,"column":13},"end":{"line":85,"column":23}},"loc":{"start":{"line":85,"column":23},"end":{"line":87,"column":7}}},"7":{"name":"(anonymous_7)","decl":{"start":{"line":114,"column":83},"end":{"line":114,"column":88}},"loc":{"start":{"line":114,"column":94},"end":{"line":155,"column":3}}},"8":{"name":"(anonymous_8)","decl":{"start":{"line":116,"column":13},"end":{"line":116,"column":23}},"loc":{"start":{"line":116,"column":23},"end":{"line":118,"column":7}}}},"branchMap":{},"s":{"0":0,"1":0,"2":0,"3":0,"4":0,"5":0,"6":0,"7":0,"8":0,"9":0,"10":0,"11":0,"12":0,"13":0,"14":0,"15":0,"16":0,"17":0,"18":0,"19":0,"20":0,"21":0,"22":0,"23":0,"24":0,"25":0,"26":0,"27":0,"28":0,"29":0,"30":0,"31":0,"32":0,"33":0,"34":0,"35":0,"36":0,"37":0,"38":0,"39":0,"40":0,"41":0,"42":0,"43":0,"44":0,"45":0,"46":0,"47":0,"48":0,"49":0,"50":0,"51":0,"52":0,"53":0,"54":0,"55":0,"56":0,"57":0,"58":0,"59":0,"60":0,"61":0,"62":0,"63":0,"64":0,"65":0,"66":0,"67":0,"68":0},"f":{"0":0,"1":0,"2":0,"3":0,"4":0,"5":0,"6":0,"7":0,"8":0},"b":{}}
,"/Users/wainwb01/repos/planv7/packages/framework/src/authentication/AuthorisingDispatcher.ts": {"path":"/Users/wainwb01/repos/planv7/packages/framework/src/authentication/AuthorisingDispatcher.ts","statementMap":{"0":{"start":{"line":1,"column":0},"end":{"line":1,"column":null}},"1":{"start":{"line":8,"column":0},"end":{"line":8,"column":null}},"2":{"start":{"line":13,"column":0},"end":{"line":13,"column":47}},"3":{"start":{"line":15,"column":0},"end":{"line":15,"column":29}},"4":{"start":{"line":17,"column":0},"end":{"line":17,"column":26}},"5":{"start":{"line":20,"column":0},"end":{"line":85,"column":null}},"6":{"start":{"line":42,"column":4},"end":{"line":42,"column":43}},"7":{"start":{"line":43,"column":4},"end":{"line":43,"column":33}},"8":{"start":{"line":44,"column":4},"end":{"line":44,"column":31}},"9":{"start":{"line":45,"column":4},"end":{"line":45,"column":33}},"10":{"start":{"line":46,"column":4},"end":{"line":46,"column":25}},"11":{"start":{"line":50,"column":17},"end":{"line":50,"column":50}},"12":{"start":{"line":52,"column":4},"end":{"line":83,"column":null}},"13":{"start":{"line":53,"column":6},"end":{"line":53,"column":51}},"14":{"start":{"line":55,"column":21},"end":{"line":55,"column":55}},"15":{"start":{"line":57,"column":6},"end":{"line":82,"column":null}},"16":{"start":{"line":58,"column":25},"end":{"line":64,"column":10}},"17":{"start":{"line":66,"column":8},"end":{"line":66,"column":66}},"18":{"start":{"line":67,"column":8},"end":{"line":72,"column":10}},"19":{"start":{"line":75,"column":10},"end":{"line":77,"column":33}},"20":{"start":{"line":78,"column":30},"end":{"line":78,"column":63}},"21":{"start":{"line":79,"column":8},"end":{"line":81,"column":null}},"22":{"start":{"line":80,"column":10},"end":{"line":80,"column":47}},"23":{"start":{"line":20,"column":21},"end":{"line":85,"column":null}},"24":{"start":{"line":20,"column":21},"end":{"line":20,"column":null}}},"fnMap":{"0":{"name":"(anonymous_0)","decl":{"start":{"line":27,"column":2},"end":{"line":27,"column":null}},"loc":{"start":{"line":40,"column":31},"end":{"line":47,"column":3}}},"1":{"name":"(anonymous_1)","decl":{"start":{"line":49,"column":9},"end":{"line":49,"column":14}},"loc":{"start":{"line":49,"column":40},"end":{"line":84,"column":3}}}},"branchMap":{"0":{"loc":{"start":{"line":52,"column":4},"end":{"line":83,"column":null}},"type":"if","locations":[{"start":{"line":52,"column":4},"end":{"line":83,"column":null}},{"start":{"line":52,"column":4},"end":{"line":83,"column":null}}]},"1":{"loc":{"start":{"line":76,"column":14},"end":{"line":76,"column":49}},"type":"cond-expr","locations":[{"start":{"line":76,"column":14},"end":{"line":76,"column":49}},{"start":{"line":77,"column":14},"end":{"line":77,"column":33}}]},"2":{"loc":{"start":{"line":79,"column":8},"end":{"line":81,"column":null}},"type":"if","locations":[{"start":{"line":79,"column":8},"end":{"line":81,"column":null}},{"start":{"line":79,"column":8},"end":{"line":81,"column":null}}]},"3":{"loc":{"start":{"line":79,"column":12},"end":{"line":79,"column":25}},"type":"binary-expr","locations":[{"start":{"line":79,"column":12},"end":{"line":79,"column":25}},{"start":{"line":79,"column":29},"end":{"line":79,"column":59}}]}},"s":{"0":1,"1":1,"2":1,"3":1,"4":1,"5":1,"6":4,"7":4,"8":4,"9":4,"10":4,"11":4,"12":4,"13":1,"14":3,"15":3,"16":3,"17":2,"18":2,"19":1,"20":1,"21":1,"22":1,"23":1,"24":1},"f":{"0":4,"1":4},"b":{"0":[1,3],"1":[1,0],"2":[1,0],"3":[1,1]}}
,"/Users/wainwb01/repos/planv7/packages/framework/src/authentication/Cookies.spec.dom.ts": {"path":"/Users/wainwb01/repos/planv7/packages/framework/src/authentication/Cookies.spec.dom.ts","statementMap":{"0":{"start":{"line":1,"column":0},"end":{"line":1,"column":32}},"1":{"start":{"line":3,"column":0},"end":{"line":42,"column":3}},"2":{"start":{"line":4,"column":2},"end":{"line":13,"column":5}},"3":{"start":{"line":5,"column":20},"end":{"line":5,"column":46}},"4":{"start":{"line":7,"column":4},"end":{"line":12,"column":null}},"5":{"start":{"line":8,"column":29},"end":{"line":8,"column":48}},"6":{"start":{"line":10,"column":8},"end":{"line":10,"column":70}},"7":{"start":{"line":11,"column":6},"end":{"line":11,"column":81}},"8":{"start":{"line":15,"column":2},"end":{"line":20,"column":5}},"9":{"start":{"line":16,"column":4},"end":{"line":19,"column":7}},"10":{"start":{"line":17,"column":6},"end":{"line":17,"column":37}},"11":{"start":{"line":18,"column":6},"end":{"line":18,"column":74}},"12":{"start":{"line":22,"column":2},"end":{"line":31,"column":5}},"13":{"start":{"line":23,"column":4},"end":{"line":30,"column":7}},"14":{"start":{"line":24,"column":6},"end":{"line":24,"column":38}},"15":{"start":{"line":25,"column":6},"end":{"line":25,"column":37}},"16":{"start":{"line":26,"column":6},"end":{"line":26,"column":42}},"17":{"start":{"line":27,"column":6},"end":{"line":27,"column":74}},"18":{"start":{"line":28,"column":6},"end":{"line":28,"column":28}},"19":{"start":{"line":29,"column":6},"end":{"line":29,"column":78}},"20":{"start":{"line":33,"column":2},"end":{"line":41,"column":5}},"21":{"start":{"line":34,"column":4},"end":{"line":40,"column":7}},"22":{"start":{"line":35,"column":6},"end":{"line":35,"column":38}},"23":{"start":{"line":36,"column":6},"end":{"line":36,"column":37}},"24":{"start":{"line":37,"column":6},"end":{"line":37,"column":42}},"25":{"start":{"line":38,"column":20},"end":{"line":38,"column":55}},"26":{"start":{"line":39,"column":6},"end":{"line":39,"column":35}}},"fnMap":{"0":{"name":"(anonymous_0)","decl":{"start":{"line":3,"column":20},"end":{"line":3,"column":29}},"loc":{"start":{"line":3,"column":31},"end":{"line":42,"column":1}}},"1":{"name":"(anonymous_1)","decl":{"start":{"line":4,"column":13},"end":{"line":4,"column":22}},"loc":{"start":{"line":4,"column":24},"end":{"line":13,"column":3}}},"2":{"name":"(anonymous_2)","decl":{"start":{"line":15,"column":18},"end":{"line":15,"column":27}},"loc":{"start":{"line":15,"column":29},"end":{"line":20,"column":3}}},"3":{"name":"(anonymous_3)","decl":{"start":{"line":16,"column":53},"end":{"line":16,"column":62}},"loc":{"start":{"line":16,"column":64},"end":{"line":19,"column":5}}},"4":{"name":"(anonymous_4)","decl":{"start":{"line":22,"column":21},"end":{"line":22,"column":30}},"loc":{"start":{"line":22,"column":32},"end":{"line":31,"column":3}}},"5":{"name":"(anonymous_5)","decl":{"start":{"line":23,"column":42},"end":{"line":23,"column":51}},"loc":{"start":{"line":23,"column":53},"end":{"line":30,"column":5}}},"6":{"name":"(anonymous_6)","decl":{"start":{"line":33,"column":41},"end":{"line":33,"column":50}},"loc":{"start":{"line":33,"column":52},"end":{"line":41,"column":3}}},"7":{"name":"(anonymous_7)","decl":{"start":{"line":34,"column":37},"end":{"line":34,"column":46}},"loc":{"start":{"line":34,"column":48},"end":{"line":40,"column":5}}}},"branchMap":{"0":{"loc":{"start":{"line":10,"column":30},"end":{"line":10,"column":61}},"type":"cond-expr","locations":[{"start":{"line":10,"column":30},"end":{"line":10,"column":61}},{"start":{"line":10,"column":64},"end":{"line":10,"column":70}}]}},"s":{"0":0,"1":0,"2":0,"3":0,"4":0,"5":0,"6":0,"7":0,"8":0,"9":0,"10":0,"11":0,"12":0,"13":0,"14":0,"15":0,"16":0,"17":0,"18":0,"19":0,"20":0,"21":0,"22":0,"23":0,"24":0,"25":0,"26":0},"f":{"0":0,"1":0,"2":0,"3":0,"4":0,"5":0,"6":0,"7":0},"b":{"0":[0,0]}}
,"/Users/wainwb01/repos/planv7/packages/framework/src/authentication/Cookies.ts": {"path":"/Users/wainwb01/repos/planv7/packages/framework/src/authentication/Cookies.ts","statementMap":{"0":{"start":{"line":1,"column":33},"end":{"line":1,"column":35}},"1":{"start":{"line":3,"column":30},"end":{"line":3,"column":32}},"2":{"start":{"line":5,"column":32},"end":{"line":5,"column":34}},"3":{"start":{"line":7,"column":40},"end":{"line":7,"column":44}},"4":{"start":{"line":11,"column":17},"end":{"line":11,"column":27}},"5":{"start":{"line":14,"column":6},"end":{"line":17,"column":37}},"6":{"start":{"line":19,"column":19},"end":{"line":19,"column":45}},"7":{"start":{"line":21,"column":4},"end":{"line":21,"column":42}},"8":{"start":{"line":22,"column":25},"end":{"line":22,"column":50}},"9":{"start":{"line":23,"column":25},"end":{"line":23,"column":87}},"10":{"start":{"line":24,"column":4},"end":{"line":24,"column":35}},"11":{"start":{"line":28,"column":20},"end":{"line":28,"column":46}},"12":{"start":{"line":29,"column":4},"end":{"line":34,"column":null}},"13":{"start":{"line":30,"column":20},"end":{"line":30,"column":37}},"14":{"start":{"line":31,"column":6},"end":{"line":33,"column":null}},"15":{"start":{"line":32,"column":8},"end":{"line":32,"column":44}},"16":{"start":{"line":35,"column":4},"end":{"line":35,"column":14}},"17":{"start":{"line":39,"column":4},"end":{"line":39,"column":78}},"18":{"start":{"line":9,"column":0},"end":{"line":9,"column":21}}},"fnMap":{"0":{"name":"(anonymous_0)","decl":{"start":{"line":10,"column":9},"end":{"line":10,"column":15}},"loc":{"start":{"line":10,"column":63},"end":{"line":25,"column":3}}},"1":{"name":"(anonymous_1)","decl":{"start":{"line":27,"column":9},"end":{"line":27,"column":15}},"loc":{"start":{"line":27,"column":54},"end":{"line":36,"column":3}}},"2":{"name":"(anonymous_2)","decl":{"start":{"line":38,"column":9},"end":{"line":38,"column":15}},"loc":{"start":{"line":38,"column":35},"end":{"line":40,"column":3}}}},"branchMap":{"0":{"loc":{"start":{"line":31,"column":6},"end":{"line":33,"column":null}},"type":"if","locations":[{"start":{"line":31,"column":6},"end":{"line":33,"column":null}},{"start":{"line":31,"column":6},"end":{"line":33,"column":null}}]},"1":{"loc":{"start":{"line":31,"column":10},"end":{"line":31,"column":26}},"type":"binary-expr","locations":[{"start":{"line":31,"column":10},"end":{"line":31,"column":26}},{"start":{"line":31,"column":30},"end":{"line":31,"column":47}}]}},"s":{"0":3,"1":3,"2":3,"3":3,"4":11,"5":11,"6":11,"7":11,"8":11,"9":11,"10":11,"11":10,"12":10,"13":12,"14":12,"15":5,"16":5,"17":2,"18":3},"f":{"0":11,"1":10,"2":2},"b":{"0":[5,7],"1":[12,8]}}
,"/Users/wainwb01/repos/planv7/packages/framework/src/authentication/JwtClientLoginSession.spec.dom.ts": {"path":"/Users/wainwb01/repos/planv7/packages/framework/src/authentication/JwtClientLoginSession.spec.dom.ts","statementMap":{"0":{"start":{"line":1,"column":0},"end":{"line":1,"column":null}},"1":{"start":{"line":6,"column":0},"end":{"line":6,"column":66}},"2":{"start":{"line":7,"column":0},"end":{"line":7,"column":64}},"3":{"start":{"line":8,"column":0},"end":{"line":8,"column":60}},"4":{"start":{"line":11,"column":0},"end":{"line":11,"column":32}},"5":{"start":{"line":12,"column":0},"end":{"line":12,"column":60}},"6":{"start":{"line":13,"column":0},"end":{"line":13,"column":54}},"7":{"start":{"line":15,"column":0},"end":{"line":15,"column":36}},"8":{"start":{"line":17,"column":17},"end":{"line":32,"column":1}},"9":{"start":{"line":18,"column":2},"end":{"line":31,"column":4}},"10":{"start":{"line":19,"column":4},"end":{"line":29,"column":null}},"11":{"start":{"line":24,"column":8},"end":{"line":28,"column":null}},"12":{"start":{"line":25,"column":10},"end":{"line":25,"column":24}},"13":{"start":{"line":27,"column":10},"end":{"line":27,"column":24}},"14":{"start":{"line":34,"column":0},"end":{"line":164,"column":3}},"15":{"start":{"line":35,"column":2},"end":{"line":44,"column":5}},"16":{"start":{"line":36,"column":20},"end":{"line":36,"column":46}},"17":{"start":{"line":38,"column":4},"end":{"line":43,"column":null}},"18":{"start":{"line":39,"column":29},"end":{"line":39,"column":48}},"19":{"start":{"line":41,"column":8},"end":{"line":41,"column":70}},"20":{"start":{"line":42,"column":6},"end":{"line":42,"column":73}},"21":{"start":{"line":46,"column":2},"end":{"line":64,"column":5}},"22":{"start":{"line":47,"column":19},"end":{"line":47,"column":43}},"23":{"start":{"line":48,"column":20},"end":{"line":48,"column":51}},"24":{"start":{"line":49,"column":21},"end":{"line":49,"column":52}},"25":{"start":{"line":50,"column":19},"end":{"line":50,"column":52}},"26":{"start":{"line":51,"column":20},"end":{"line":51,"column":54}},"27":{"start":{"line":52,"column":4},"end":{"line":52,"column":38}},"28":{"start":{"line":54,"column":20},"end":{"line":58,"column":null}},"29":{"start":{"line":61,"column":4},"end":{"line":61,"column":53}},"30":{"start":{"line":63,"column":4},"end":{"line":63,"column":49}},"31":{"start":{"line":66,"column":2},"end":{"line":83,"column":5}},"32":{"start":{"line":67,"column":19},"end":{"line":67,"column":43}},"33":{"start":{"line":68,"column":19},"end":{"line":68,"column":52}},"34":{"start":{"line":69,"column":20},"end":{"line":69,"column":51}},"35":{"start":{"line":70,"column":20},"end":{"line":74,"column":null}},"36":{"start":{"line":76,"column":18},"end":{"line":78,"column":null}},"37":{"start":{"line":80,"column":4},"end":{"line":80,"column":29}},"38":{"start":{"line":82,"column":4},"end":{"line":82,"column":53}},"39":{"start":{"line":85,"column":2},"end":{"line":107,"column":5}},"40":{"start":{"line":86,"column":19},"end":{"line":86,"column":43}},"41":{"start":{"line":87,"column":20},"end":{"line":87,"column":51}},"42":{"start":{"line":88,"column":17},"end":{"line":88,"column":49}},"43":{"start":{"line":90,"column":18},"end":{"line":90,"column":56}},"44":{"start":{"line":91,"column":20},"end":{"line":91,"column":56}},"45":{"start":{"line":93,"column":21},"end":{"line":93,"column":52}},"46":{"start":{"line":94,"column":4},"end":{"line":94,"column":38}},"47":{"start":{"line":95,"column":19},"end":{"line":95,"column":52}},"48":{"start":{"line":96,"column":20},"end":{"line":100,"column":null}},"49":{"start":{"line":103,"column":4},"end":{"line":103,"column":53}},"50":{"start":{"line":105,"column":4},"end":{"line":105,"column":46}},"51":{"start":{"line":106,"column":4},"end":{"line":106,"column":76}},"52":{"start":{"line":109,"column":2},"end":{"line":133,"column":5}},"53":{"start":{"line":110,"column":19},"end":{"line":110,"column":43}},"54":{"start":{"line":111,"column":20},"end":{"line":111,"column":51}},"55":{"start":{"line":112,"column":19},"end":{"line":112,"column":52}},"56":{"start":{"line":113,"column":20},"end":{"line":117,"column":null}},"57":{"start":{"line":120,"column":17},"end":{"line":120,"column":50}},"58":{"start":{"line":121,"column":18},"end":{"line":121,"column":56}},"59":{"start":{"line":123,"column":4},"end":{"line":123,"column":44}},"60":{"start":{"line":125,"column":25},"end":{"line":125,"column":49}},"61":{"start":{"line":127,"column":4},"end":{"line":127,"column":39}},"62":{"start":{"line":129,"column":4},"end":{"line":132,"column":null}},"63":{"start":{"line":130,"column":6},"end":{"line":130,"column":63}},"64":{"start":{"line":131,"column":6},"end":{"line":131,"column":61}},"65":{"start":{"line":135,"column":2},"end":{"line":163,"column":5}},"66":{"start":{"line":138,"column":19},"end":{"line":138,"column":43}},"67":{"start":{"line":139,"column":20},"end":{"line":139,"column":51}},"68":{"start":{"line":140,"column":18},"end":{"line":140,"column":61}},"69":{"start":{"line":141,"column":19},"end":{"line":141,"column":52}},"70":{"start":{"line":142,"column":17},"end":{"line":142,"column":49}},"71":{"start":{"line":144,"column":18},"end":{"line":144,"column":56}},"72":{"start":{"line":145,"column":20},"end":{"line":145,"column":56}},"73":{"start":{"line":146,"column":21},"end":{"line":146,"column":52}},"74":{"start":{"line":147,"column":4},"end":{"line":147,"column":38}},"75":{"start":{"line":148,"column":4},"end":{"line":148,"column":34}},"76":{"start":{"line":149,"column":4},"end":{"line":149,"column":55}},"77":{"start":{"line":151,"column":20},"end":{"line":155,"column":null}},"78":{"start":{"line":157,"column":4},"end":{"line":157,"column":53}},"79":{"start":{"line":158,"column":4},"end":{"line":158,"column":32}},"80":{"start":{"line":159,"column":4},"end":{"line":159,"column":71}},"81":{"start":{"line":160,"column":4},"end":{"line":160,"column":69}},"82":{"start":{"line":161,"column":4},"end":{"line":161,"column":53}},"83":{"start":{"line":162,"column":4},"end":{"line":162,"column":43}}},"fnMap":{"0":{"name":"(anonymous_0)","decl":{"start":{"line":17,"column":17},"end":{"line":17,"column":22}},"loc":{"start":{"line":17,"column":68},"end":{"line":32,"column":1}}},"1":{"name":"(anonymous_1)","decl":{"start":{"line":18,"column":29},"end":{"line":18,"column":30}},"loc":{"start":{"line":19,"column":4},"end":{"line":29,"column":null}}},"2":{"name":"(anonymous_2)","decl":{"start":{"line":23,"column":6},"end":{"line":23,"column":7}},"loc":{"start":{"line":23,"column":63},"end":{"line":29,"column":7}}},"3":{"name":"(anonymous_3)","decl":{"start":{"line":34,"column":47},"end":{"line":34,"column":56}},"loc":{"start":{"line":34,"column":58},"end":{"line":164,"column":1}}},"4":{"name":"(anonymous_4)","decl":{"start":{"line":35,"column":13},"end":{"line":35,"column":22}},"loc":{"start":{"line":35,"column":24},"end":{"line":44,"column":3}}},"5":{"name":"(anonymous_5)","decl":{"start":{"line":46,"column":89},"end":{"line":46,"column":98}},"loc":{"start":{"line":46,"column":100},"end":{"line":64,"column":3}}},"6":{"name":"(anonymous_6)","decl":{"start":{"line":66,"column":52},"end":{"line":66,"column":61}},"loc":{"start":{"line":66,"column":63},"end":{"line":83,"column":3}}},"7":{"name":"(anonymous_7)","decl":{"start":{"line":85,"column":43},"end":{"line":85,"column":48}},"loc":{"start":{"line":85,"column":69},"end":{"line":107,"column":3}}},"8":{"name":"(anonymous_8)","decl":{"start":{"line":109,"column":46},"end":{"line":109,"column":51}},"loc":{"start":{"line":109,"column":72},"end":{"line":133,"column":3}}},"9":{"name":"(anonymous_9)","decl":{"start":{"line":135,"column":60},"end":{"line":135,"column":65}},"loc":{"start":{"line":137,"column":6},"end":{"line":163,"column":3}}}},"branchMap":{"0":{"loc":{"start":{"line":24,"column":8},"end":{"line":28,"column":null}},"type":"if","locations":[{"start":{"line":24,"column":8},"end":{"line":28,"column":null}},{"start":{"line":24,"column":8},"end":{"line":28,"column":null}}]},"1":{"loc":{"start":{"line":24,"column":12},"end":{"line":24,"column":17}},"type":"binary-expr","locations":[{"start":{"line":24,"column":12},"end":{"line":24,"column":17}},{"start":{"line":24,"column":21},"end":{"line":24,"column":27}}]},"2":{"loc":{"start":{"line":41,"column":30},"end":{"line":41,"column":61}},"type":"cond-expr","locations":[{"start":{"line":41,"column":30},"end":{"line":41,"column":61}},{"start":{"line":41,"column":64},"end":{"line":41,"column":70}}]},"3":{"loc":{"start":{"line":129,"column":4},"end":{"line":132,"column":null}},"type":"if","locations":[{"start":{"line":129,"column":4},"end":{"line":132,"column":null}},{"start":{"line":129,"column":4},"end":{"line":132,"column":null}}]}},"s":{"0":0,"1":0,"2":0,"3":0,"4":0,"5":0,"6":0,"7":0,"8":0,"9":0,"10":0,"11":0,"12":0,"13":0,"14":0,"15":0,"16":0,"17":0,"18":0,"19":0,"20":0,"21":0,"22":0,"23":0,"24":0,"25":0,"26":0,"27":0,"28":0,"29":0,"30":0,"31":0,"32":0,"33":0,"34":0,"35":0,"36":0,"37":0,"38":0,"39":0,"40":0,"41":0,"42":0,"43":0,"44":0,"45":0,"46":0,"47":0,"48":0,"49":0,"50":0,"51":0,"52":0,"53":0,"54":0,"55":0,"56":0,"57":0,"58":0,"59":0,"60":0,"61":0,"62":0,"63":0,"64":0,"65":0,"66":0,"67":0,"68":0,"69":0,"70":0,"71":0,"72":0,"73":0,"74":0,"75":0,"76":0,"77":0,"78":0,"79":0,"80":0,"81":0,"82":0,"83":0},"f":{"0":0,"1":0,"2":0,"3":0,"4":0,"5":0,"6":0,"7":0,"8":0,"9":0},"b":{"0":[0,0],"1":[0,0],"2":[0,0],"3":[0,0]}}
,"/Users/wainwb01/repos/planv7/packages/framework/src/authentication/JwtClientLoginSession.ts": {"path":"/Users/wainwb01/repos/planv7/packages/framework/src/authentication/JwtClientLoginSession.ts","statementMap":{"0":{"start":{"line":1,"column":0},"end":{"line":1,"column":null}},"1":{"start":{"line":7,"column":0},"end":{"line":7,"column":61}},"2":{"start":{"line":8,"column":0},"end":{"line":8,"column":null}},"3":{"start":{"line":13,"column":0},"end":{"line":13,"column":47}},"4":{"start":{"line":16,"column":0},"end":{"line":16,"column":32}},"5":{"start":{"line":17,"column":0},"end":{"line":17,"column":48}},"6":{"start":{"line":18,"column":0},"end":{"line":18,"column":29}},"7":{"start":{"line":22,"column":0},"end":{"line":114,"column":null}},"8":{"start":{"line":37,"column":4},"end":{"line":37,"column":18}},"9":{"start":{"line":38,"column":4},"end":{"line":38,"column":25}},"10":{"start":{"line":39,"column":4},"end":{"line":39,"column":31}},"11":{"start":{"line":40,"column":4},"end":{"line":40,"column":37}},"12":{"start":{"line":41,"column":4},"end":{"line":41,"column":53}},"13":{"start":{"line":45,"column":4},"end":{"line":47,"column":null}},"14":{"start":{"line":46,"column":6},"end":{"line":46,"column":18}},"15":{"start":{"line":49,"column":4},"end":{"line":49,"column":22}},"16":{"start":{"line":53,"column":4},"end":{"line":53,"column":27}},"17":{"start":{"line":54,"column":4},"end":{"line":54,"column":33}},"18":{"start":{"line":55,"column":4},"end":{"line":55,"column":35}},"19":{"start":{"line":56,"column":4},"end":{"line":56,"column":30}},"20":{"start":{"line":58,"column":4},"end":{"line":60,"column":6}},"21":{"start":{"line":64,"column":4},"end":{"line":64,"column":28}},"22":{"start":{"line":68,"column":4},"end":{"line":70,"column":null}},"23":{"start":{"line":69,"column":6},"end":{"line":69,"column":18}},"24":{"start":{"line":72,"column":4},"end":{"line":74,"column":null}},"25":{"start":{"line":73,"column":6},"end":{"line":73,"column":30}},"26":{"start":{"line":75,"column":4},"end":{"line":75,"column":21}},"27":{"start":{"line":79,"column":23},"end":{"line":79,"column":53}},"28":{"start":{"line":80,"column":4},"end":{"line":86,"column":null}},"29":{"start":{"line":81,"column":20},"end":{"line":81,"column":41}},"30":{"start":{"line":82,"column":6},"end":{"line":85,"column":null}},"31":{"start":{"line":83,"column":8},"end":{"line":83,"column":30}},"32":{"start":{"line":84,"column":8},"end":{"line":84,"column":20}},"33":{"start":{"line":90,"column":4},"end":{"line":90,"column":62}},"34":{"start":{"line":91,"column":4},"end":{"line":96,"column":null}},"35":{"start":{"line":92,"column":6},"end":{"line":95,"column":8}},"36":{"start":{"line":100,"column":4},"end":{"line":102,"column":null}},"37":{"start":{"line":101,"column":6},"end":{"line":101,"column":61}},"38":{"start":{"line":106,"column":4},"end":{"line":112,"column":null}},"39":{"start":{"line":110,"column":6},"end":{"line":110,"column":41}},"40":{"start":{"line":111,"column":6},"end":{"line":111,"column":18}},"41":{"start":{"line":22,"column":21},"end":{"line":114,"column":null}},"42":{"start":{"line":22,"column":21},"end":{"line":22,"column":43}}},"fnMap":{"0":{"name":"(anonymous_0)","decl":{"start":{"line":30,"column":2},"end":{"line":30,"column":null}},"loc":{"start":{"line":35,"column":64},"end":{"line":42,"column":3}}},"1":{"name":"(anonymous_1)","decl":{"start":{"line":44,"column":9},"end":{"line":44,"column":17}},"loc":{"start":{"line":44,"column":17},"end":{"line":50,"column":3}}},"2":{"name":"(anonymous_2)","decl":{"start":{"line":52,"column":9},"end":{"line":52,"column":14}},"loc":{"start":{"line":52,"column":26},"end":{"line":61,"column":3}}},"3":{"name":"(anonymous_3)","decl":{"start":{"line":63,"column":9},"end":{"line":63,"column":23}},"loc":{"start":{"line":63,"column":34},"end":{"line":65,"column":3}}},"4":{"name":"(anonymous_4)","decl":{"start":{"line":67,"column":9},"end":{"line":67,"column":23}},"loc":{"start":{"line":67,"column":23},"end":{"line":76,"column":3}}},"5":{"name":"(anonymous_5)","decl":{"start":{"line":78,"column":9},"end":{"line":78,"column":39}},"loc":{"start":{"line":78,"column":63},"end":{"line":87,"column":3}}},"6":{"name":"(anonymous_6)","decl":{"start":{"line":89,"column":10},"end":{"line":89,"column":14}},"loc":{"start":{"line":89,"column":14},"end":{"line":97,"column":3}}},"7":{"name":"(anonymous_7)","decl":{"start":{"line":99,"column":10},"end":{"line":99,"column":14}},"loc":{"start":{"line":99,"column":14},"end":{"line":103,"column":3}}},"8":{"name":"(anonymous_8)","decl":{"start":{"line":105,"column":10},"end":{"line":105,"column":21}},"loc":{"start":{"line":105,"column":54},"end":{"line":113,"column":3}}}},"branchMap":{"0":{"loc":{"start":{"line":45,"column":4},"end":{"line":47,"column":null}},"type":"if","locations":[{"start":{"line":45,"column":4},"end":{"line":47,"column":null}},{"start":{"line":45,"column":4},"end":{"line":47,"column":null}}]},"1":{"loc":{"start":{"line":68,"column":4},"end":{"line":70,"column":null}},"type":"if","locations":[{"start":{"line":68,"column":4},"end":{"line":70,"column":null}},{"start":{"line":68,"column":4},"end":{"line":70,"column":null}}]},"2":{"loc":{"start":{"line":72,"column":4},"end":{"line":74,"column":null}},"type":"if","locations":[{"start":{"line":72,"column":4},"end":{"line":74,"column":null}},{"start":{"line":72,"column":4},"end":{"line":74,"column":null}}]},"3":{"loc":{"start":{"line":80,"column":4},"end":{"line":86,"column":null}},"type":"if","locations":[{"start":{"line":80,"column":4},"end":{"line":86,"column":null}},{"start":{"line":80,"column":4},"end":{"line":86,"column":null}}]},"4":{"loc":{"start":{"line":82,"column":6},"end":{"line":85,"column":null}},"type":"if","locations":[{"start":{"line":82,"column":6},"end":{"line":85,"column":null}},{"start":{"line":82,"column":6},"end":{"line":85,"column":null}}]},"5":{"loc":{"start":{"line":91,"column":4},"end":{"line":96,"column":null}},"type":"if","locations":[{"start":{"line":91,"column":4},"end":{"line":96,"column":null}},{"start":{"line":91,"column":4},"end":{"line":96,"column":null}}]},"6":{"loc":{"start":{"line":93,"column":8},"end":{"line":93,"column":18}},"type":"binary-expr","locations":[{"start":{"line":93,"column":8},"end":{"line":93,"column":18}},{"start":{"line":93,"column":22},"end":{"line":93,"column":24}}]},"7":{"loc":{"start":{"line":100,"column":4},"end":{"line":102,"column":null}},"type":"if","locations":[{"start":{"line":100,"column":4},"end":{"line":102,"column":null}},{"start":{"line":100,"column":4},"end":{"line":102,"column":null}}]},"8":{"loc":{"start":{"line":106,"column":4},"end":{"line":112,"column":null}},"type":"if","locations":[{"start":{"line":106,"column":4},"end":{"line":112,"column":null}},{"start":{"line":106,"column":4},"end":{"line":112,"column":null}}]},"9":{"loc":{"start":{"line":107,"column":6},"end":{"line":107,"column":48}},"type":"binary-expr","locations":[{"start":{"line":107,"column":6},"end":{"line":107,"column":48}},{"start":{"line":108,"column":6},"end":{"line":108,"column":51}}]}},"s":{"0":1,"1":1,"2":1,"3":1,"4":1,"5":1,"6":1,"7":1,"8":5,"9":5,"10":5,"11":5,"12":5,"13":3,"14":1,"15":3,"16":1,"17":1,"18":1,"19":1,"20":1,"21":0,"22":4,"23":3,"24":4,"25":2,"26":2,"27":3,"28":3,"29":3,"30":3,"31":3,"32":3,"33":4,"34":4,"35":2,"36":5,"37":3,"38":2,"39":2,"40":2,"41":1,"42":1},"f":{"0":5,"1":3,"2":1,"3":0,"4":4,"5":3,"6":4,"7":5,"8":2},"b":{"0":[1,2],"1":[3,1],"2":[2,2],"3":[3,0],"4":[3,0],"5":[2,2],"6":[2,0],"7":[3,2],"8":[2,0],"9":[2,2]}}
,"/Users/wainwb01/repos/planv7/packages/framework/src/authentication/JwtLoginProvider.spec.ts": {"path":"/Users/wainwb01/repos/planv7/packages/framework/src/authentication/JwtLoginProvider.spec.ts","statementMap":{"0":{"start":{"line":1,"column":0},"end":{"line":1,"column":59}},"1":{"start":{"line":2,"column":0},"end":{"line":2,"column":54}},"2":{"start":{"line":3,"column":0},"end":{"line":3,"column":60}},"3":{"start":{"line":5,"column":0},"end":{"line":5,"column":50}},"4":{"start":{"line":7,"column":0},"end":{"line":7,"column":81}},"5":{"start":{"line":8,"column":0},"end":{"line":8,"column":58}},"6":{"start":{"line":11,"column":0},"end":{"line":11,"column":24}},"7":{"start":{"line":13,"column":0},"end":{"line":148,"column":3}},"8":{"start":{"line":20,"column":2},"end":{"line":58,"column":4}},"9":{"start":{"line":22,"column":6},"end":{"line":22,"column":34}},"10":{"start":{"line":23,"column":6},"end":{"line":23,"column":36}},"11":{"start":{"line":24,"column":6},"end":{"line":24,"column":39}},"12":{"start":{"line":25,"column":18},"end":{"line":25,"column":52}},"13":{"start":{"line":26,"column":6},"end":{"line":29,"column":9}},"14":{"start":{"line":30,"column":6},"end":{"line":30,"column":53}},"15":{"start":{"line":31,"column":6},"end":{"line":33,"column":8}},"16":{"start":{"line":34,"column":6},"end":{"line":56,"column":9}},"17":{"start":{"line":60,"column":2},"end":{"line":70,"column":4}},"18":{"start":{"line":62,"column":6},"end":{"line":64,"column":null}},"19":{"start":{"line":63,"column":8},"end":{"line":63,"column":29}},"20":{"start":{"line":66,"column":6},"end":{"line":68,"column":null}},"21":{"start":{"line":67,"column":8},"end":{"line":67,"column":28}},"22":{"start":{"line":72,"column":2},"end":{"line":147,"column":5}},"23":{"start":{"line":73,"column":4},"end":{"line":87,"column":7}},"24":{"start":{"line":76,"column":21},"end":{"line":76,"column":57}},"25":{"start":{"line":77,"column":21},"end":{"line":77,"column":45}},"26":{"start":{"line":78,"column":28},"end":{"line":83,"column":null}},"27":{"start":{"line":85,"column":6},"end":{"line":85,"column":50}},"28":{"start":{"line":86,"column":6},"end":{"line":86,"column":45}},"29":{"start":{"line":89,"column":4},"end":{"line":105,"column":7}},"30":{"start":{"line":92,"column":21},"end":{"line":92,"column":57}},"31":{"start":{"line":93,"column":21},"end":{"line":93,"column":45}},"32":{"start":{"line":94,"column":28},"end":{"line":99,"column":null}},"33":{"start":{"line":101,"column":19},"end":{"line":101,"column":65}},"34":{"start":{"line":102,"column":6},"end":{"line":102,"column":47}},"35":{"start":{"line":103,"column":6},"end":{"line":103,"column":47}},"36":{"start":{"line":104,"column":6},"end":{"line":104,"column":45}},"37":{"start":{"line":107,"column":4},"end":{"line":126,"column":7}},"38":{"start":{"line":110,"column":21},"end":{"line":110,"column":57}},"39":{"start":{"line":111,"column":21},"end":{"line":111,"column":45}},"40":{"start":{"line":112,"column":6},"end":{"line":124,"column":null}},"41":{"start":{"line":113,"column":30},"end":{"line":118,"column":null}},"42":{"start":{"line":120,"column":8},"end":{"line":120,"column":55}},"43":{"start":{"line":121,"column":8},"end":{"line":121,"column":47}},"44":{"start":{"line":125,"column":6},"end":{"line":125,"column":50}},"45":{"start":{"line":128,"column":4},"end":{"line":146,"column":7}},"46":{"start":{"line":131,"column":21},"end":{"line":131,"column":57}},"47":{"start":{"line":132,"column":21},"end":{"line":132,"column":45}},"48":{"start":{"line":133,"column":6},"end":{"line":144,"column":null}},"49":{"start":{"line":134,"column":30},"end":{"line":139,"column":null}},"50":{"start":{"line":141,"column":8},"end":{"line":141,"column":54}},"51":{"start":{"line":145,"column":6},"end":{"line":145,"column":50}}},"fnMap":{"0":{"name":"(anonymous_0)","decl":{"start":{"line":13,"column":29},"end":{"line":13,"column":38}},"loc":{"start":{"line":13,"column":40},"end":{"line":148,"column":1}}},"1":{"name":"(anonymous_1)","decl":{"start":{"line":21,"column":4},"end":{"line":21,"column":9}},"loc":{"start":{"line":21,"column":30},"end":{"line":57,"column":5}}},"2":{"name":"(anonymous_2)","decl":{"start":{"line":61,"column":4},"end":{"line":61,"column":9}},"loc":{"start":{"line":61,"column":30},"end":{"line":69,"column":5}}},"3":{"name":"(anonymous_3)","decl":{"start":{"line":72,"column":20},"end":{"line":72,"column":29}},"loc":{"start":{"line":72,"column":31},"end":{"line":147,"column":3}}},"4":{"name":"(anonymous_4)","decl":{"start":{"line":73,"column":57},"end":{"line":73,"column":62}},"loc":{"start":{"line":75,"column":8},"end":{"line":87,"column":5}}},"5":{"name":"(anonymous_5)","decl":{"start":{"line":89,"column":96},"end":{"line":89,"column":101}},"loc":{"start":{"line":91,"column":8},"end":{"line":105,"column":5}}},"6":{"name":"(anonymous_6)","decl":{"start":{"line":107,"column":65},"end":{"line":107,"column":70}},"loc":{"start":{"line":109,"column":8},"end":{"line":126,"column":5}}},"7":{"name":"(anonymous_7)","decl":{"start":{"line":128,"column":81},"end":{"line":128,"column":86}},"loc":{"start":{"line":130,"column":8},"end":{"line":146,"column":5}}}},"branchMap":{"0":{"loc":{"start":{"line":62,"column":6},"end":{"line":64,"column":null}},"type":"if","locations":[{"start":{"line":62,"column":6},"end":{"line":64,"column":null}},{"start":{"line":62,"column":6},"end":{"line":64,"column":null}}]},"1":{"loc":{"start":{"line":66,"column":6},"end":{"line":68,"column":null}},"type":"if","locations":[{"start":{"line":66,"column":6},"end":{"line":68,"column":null}},{"start":{"line":66,"column":6},"end":{"line":68,"column":null}}]}},"s":{"0":0,"1":0,"2":0,"3":0,"4":0,"5":0,"6":0,"7":0,"8":0,"9":0,"10":0,"11":0,"12":0,"13":0,"14":0,"15":0,"16":0,"17":0,"18":0,"19":0,"20":0,"21":0,"22":0,"23":0,"24":0,"25":0,"26":0,"27":0,"28":0,"29":0,"30":0,"31":0,"32":0,"33":0,"34":0,"35":0,"36":0,"37":0,"38":0,"39":0,"40":0,"41":0,"42":0,"43":0,"44":0,"45":0,"46":0,"47":0,"48":0,"49":0,"50":0,"51":0},"f":{"0":0,"1":0,"2":0,"3":0,"4":0,"5":0,"6":0,"7":0},"b":{"0":[0,0],"1":[0,0]}}
,"/Users/wainwb01/repos/planv7/packages/framework/src/authentication/JwtLoginProvider.ts": {"path":"/Users/wainwb01/repos/planv7/packages/framework/src/authentication/JwtLoginProvider.ts","statementMap":{"0":{"start":{"line":1,"column":0},"end":{"line":1,"column":null}},"1":{"start":{"line":9,"column":0},"end":{"line":9,"column":57}},"2":{"start":{"line":11,"column":0},"end":{"line":11,"column":81}},"3":{"start":{"line":13,"column":0},"end":{"line":13,"column":29}},"4":{"start":{"line":14,"column":0},"end":{"line":14,"column":38}},"5":{"start":{"line":15,"column":0},"end":{"line":15,"column":35}},"6":{"start":{"line":16,"column":0},"end":{"line":16,"column":36}},"7":{"start":{"line":19,"column":0},"end":{"line":96,"column":null}},"8":{"start":{"line":38,"column":4},"end":{"line":40,"column":6}},"9":{"start":{"line":41,"column":4},"end":{"line":41,"column":33}},"10":{"start":{"line":42,"column":4},"end":{"line":42,"column":31}},"11":{"start":{"line":43,"column":4},"end":{"line":43,"column":33}},"12":{"start":{"line":44,"column":4},"end":{"line":44,"column":25}},"13":{"start":{"line":45,"column":4},"end":{"line":45,"column":59}},"14":{"start":{"line":49,"column":17},"end":{"line":49,"column":55}},"15":{"start":{"line":50,"column":4},"end":{"line":53,"column":null}},"16":{"start":{"line":51,"column":20},"end":{"line":51,"column":45}},"17":{"start":{"line":52,"column":6},"end":{"line":52,"column":39}},"18":{"start":{"line":54,"column":4},"end":{"line":54,"column":16}},"19":{"start":{"line":58,"column":4},"end":{"line":71,"column":7}},"20":{"start":{"line":59,"column":6},"end":{"line":70,"column":8}},"21":{"start":{"line":64,"column":10},"end":{"line":68,"column":null}},"22":{"start":{"line":65,"column":12},"end":{"line":65,"column":26}},"23":{"start":{"line":67,"column":12},"end":{"line":67,"column":26}},"24":{"start":{"line":75,"column":18},"end":{"line":75,"column":36}},"25":{"start":{"line":76,"column":17},"end":{"line":76,"column":53}},"26":{"start":{"line":77,"column":4},"end":{"line":94,"column":7}},"27":{"start":{"line":78,"column":6},"end":{"line":93,"column":null}},"28":{"start":{"line":79,"column":8},"end":{"line":90,"column":10}},"29":{"start":{"line":83,"column":12},"end":{"line":88,"column":null}},"30":{"start":{"line":84,"column":27},"end":{"line":84,"column":62}},"31":{"start":{"line":85,"column":14},"end":{"line":85,"column":27}},"32":{"start":{"line":87,"column":14},"end":{"line":87,"column":59}},"33":{"start":{"line":92,"column":8},"end":{"line":92,"column":53}},"34":{"start":{"line":19,"column":21},"end":{"line":96,"column":null}},"35":{"start":{"line":19,"column":21},"end":{"line":19,"column":null}}},"fnMap":{"0":{"name":"(anonymous_0)","decl":{"start":{"line":26,"column":2},"end":{"line":26,"column":null}},"loc":{"start":{"line":36,"column":35},"end":{"line":46,"column":3}}},"1":{"name":"(anonymous_1)","decl":{"start":{"line":48,"column":9},"end":{"line":48,"column":14}},"loc":{"start":{"line":48,"column":55},"end":{"line":55,"column":3}}},"2":{"name":"(anonymous_2)","decl":{"start":{"line":57,"column":10},"end":{"line":57,"column":15}},"loc":{"start":{"line":57,"column":35},"end":{"line":72,"column":3}}},"3":{"name":"(anonymous_3)","decl":{"start":{"line":58,"column":31},"end":{"line":58,"column":32}},"loc":{"start":{"line":58,"column":56},"end":{"line":71,"column":5}}},"4":{"name":"(anonymous_4)","decl":{"start":{"line":63,"column":8},"end":{"line":63,"column":9}},"loc":{"start":{"line":63,"column":65},"end":{"line":69,"column":9}}},"5":{"name":"(anonymous_5)","decl":{"start":{"line":74,"column":10},"end":{"line":74,"column":15}},"loc":{"start":{"line":74,"column":58},"end":{"line":95,"column":3}}},"6":{"name":"(anonymous_6)","decl":{"start":{"line":77,"column":23},"end":{"line":77,"column":24}},"loc":{"start":{"line":77,"column":48},"end":{"line":94,"column":5}}},"7":{"name":"(anonymous_7)","decl":{"start":{"line":82,"column":10},"end":{"line":82,"column":11}},"loc":{"start":{"line":82,"column":51},"end":{"line":89,"column":11}}}},"branchMap":{"0":{"loc":{"start":{"line":50,"column":4},"end":{"line":53,"column":null}},"type":"if","locations":[{"start":{"line":50,"column":4},"end":{"line":53,"column":null}},{"start":{"line":50,"column":4},"end":{"line":53,"column":null}}]},"1":{"loc":{"start":{"line":64,"column":10},"end":{"line":68,"column":null}},"type":"if","locations":[{"start":{"line":64,"column":10},"end":{"line":68,"column":null}},{"start":{"line":64,"column":10},"end":{"line":68,"column":null}}]},"2":{"loc":{"start":{"line":78,"column":6},"end":{"line":93,"column":null}},"type":"if","locations":[{"start":{"line":78,"column":6},"end":{"line":93,"column":null}},{"start":{"line":78,"column":6},"end":{"line":93,"column":null}}]},"3":{"loc":{"start":{"line":83,"column":12},"end":{"line":88,"column":null}},"type":"if","locations":[{"start":{"line":83,"column":12},"end":{"line":88,"column":null}},{"start":{"line":83,"column":12},"end":{"line":88,"column":null}}]}},"s":{"0":1,"1":1,"2":1,"3":1,"4":1,"5":1,"6":1,"7":1,"8":4,"9":4,"10":4,"11":4,"12":4,"13":4,"14":4,"15":2,"16":2,"17":2,"18":2,"19":2,"20":2,"21":2,"22":0,"23":2,"24":4,"25":4,"26":4,"27":4,"28":3,"29":3,"30":2,"31":2,"32":1,"33":1,"34":1,"35":1},"f":{"0":4,"1":4,"2":2,"3":2,"4":2,"5":4,"6":4,"7":3},"b":{"0":[2,0],"1":[0,2],"2":[3,1],"3":[2,1]}}
[...]
,"/Users/wainwb01/repos/planv7/packages/framework/src/storage/MongoDatabasePlanSlugGenerator.ts": {"path":"/Users/wainwb01/repos/planv7/packages/framework/src/storage/MongoDatabasePlanSlugGenerator.ts","statementMap":{"0":{"start":{"line":1,"column":0},"end":{"line":1,"column":74}},"1":{"start":{"line":3,"column":0},"end":{"line":3,"column":47}},"2":{"start":{"line":5,"column":0},"end":{"line":5,"column":72}},"3":{"start":{"line":7,"column":0},"end":{"line":7,"column":29}},"4":{"start":{"line":10,"column":0},"end":{"line":49,"column":null}},"5":{"start":{"line":18,"column":4},"end":{"line":20,"column":6}},"6":{"start":{"line":21,"column":4},"end":{"line":21,"column":25}},"7":{"start":{"line":25,"column":18},"end":{"line":25,"column":44}},"8":{"start":{"line":27,"column":25},"end":{"line":27,"column":75}},"9":{"start":{"line":29,"column":18},"end":{"line":29,"column":71}},"10":{"start":{"line":31,"column":4},"end":{"line":47,"column":null}},"11":{"start":{"line":32,"column":6},"end":{"line":32,"column":26}},"12":{"start":{"line":34,"column":23},"end":{"line":34,"column":67}},"13":{"start":{"line":35,"column":23},"end":{"line":35,"column":45}},"14":{"start":{"line":37,"column":6},"end":{"line":46,"column":null}},"15":{"start":{"line":38,"column":23},"end":{"line":38,"column":52}},"16":{"start":{"line":39,"column":23},"end":{"line":41,"column":null}},"17":{"start":{"line":43,"column":8},"end":{"line":43,"column":40}},"18":{"start":{"line":45,"column":8},"end":{"line":45,"column":34}},"19":{"start":{"line":10,"column":21},"end":{"line":49,"column":null}},"20":{"start":{"line":10,"column":21},"end":{"line":10,"column":null}}},"fnMap":{"0":{"name":"(anonymous_0)","decl":{"start":{"line":14,"column":2},"end":{"line":14,"column":null}},"loc":{"start":{"line":16,"column":38},"end":{"line":22,"column":3}}},"1":{"name":"(anonymous_1)","decl":{"start":{"line":24,"column":9},"end":{"line":24,"column":14}},"loc":{"start":{"line":24,"column":40},"end":{"line":48,"column":3}}}},"branchMap":{"0":{"loc":{"start":{"line":25,"column":18},"end":{"line":25,"column":34}},"type":"binary-expr","locations":[{"start":{"line":25,"column":18},"end":{"line":25,"column":34}},{"start":{"line":25,"column":38},"end":{"line":25,"column":44}}]},"1":{"loc":{"start":{"line":31,"column":4},"end":{"line":47,"column":null}},"type":"if","locations":[{"start":{"line":31,"column":4},"end":{"line":47,"column":null}},{"start":{"line":31,"column":4},"end":{"line":47,"column":null}}]},"2":{"loc":{"start":{"line":37,"column":6},"end":{"line":46,"column":null}},"type":"if","locations":[{"start":{"line":37,"column":6},"end":{"line":46,"column":null}},{"start":{"line":37,"column":6},"end":{"line":46,"column":null}}]}},"s":{"0":1,"1":1,"2":1,"3":1,"4":1,"5":4,"6":4,"7":4,"8":4,"9":4,"10":4,"11":2,"12":2,"13":2,"14":2,"15":1,"16":1,"17":1,"18":1,"19":1,"20":1},"f":{"0":4,"1":4},"b":{"0":[4,0],"1":[2,2],"2":[1,1]}}
,"/Users/wainwb01/repos/planv7/packages/framework/src/storage/MongoDatabaseUserRepository.ts": {"path":"/Users/wainwb01/repos/planv7/packages/framework/src/storage/MongoDatabaseUserRepository.ts","statementMap":{"0":{"start":{"line":1,"column":0},"end":{"line":1,"column":26}},"1":{"start":{"line":4,"column":0},"end":{"line":4,"column":52}},"2":{"start":{"line":5,"column":0},"end":{"line":5,"column":47}},"3":{"start":{"line":8,"column":0},"end":{"line":8,"column":29}},"4":{"start":{"line":11,"column":20},"end":{"line":11,"column":22}},"5":{"start":{"line":14,"column":48},"end":{"line":73,"column":null}},"6":{"start":{"line":19,"column":4},"end":{"line":21,"column":6}},"7":{"start":{"line":25,"column":4},"end":{"line":25,"column":22}},"8":{"start":{"line":29,"column":4},"end":{"line":52,"column":7}},"9":{"start":{"line":30,"column":6},"end":{"line":51,"column":9}},"10":{"start":{"line":31,"column":8},"end":{"line":50,"column":null}},"11":{"start":{"line":32,"column":10},"end":{"line":32,"column":24}},"12":{"start":{"line":34,"column":10},"end":{"line":49,"column":12}},"13":{"start":{"line":38,"column":14},"end":{"line":47,"column":null}},"14":{"start":{"line":39,"column":16},"end":{"line":43,"column":19}},"15":{"start":{"line":44,"column":16},"end":{"line":44,"column":26}},"16":{"start":{"line":46,"column":16},"end":{"line":46,"column":34}},"17":{"start":{"line":57,"column":4},"end":{"line":57,"column":43}},"18":{"start":{"line":62,"column":4},"end":{"line":62,"column":43}},"19":{"start":{"line":67,"column":4},"end":{"line":67,"column":47}},"20":{"start":{"line":71,"column":4},"end":{"line":71,"column":47}},"21":{"start":{"line":15,"column":25},"end":{"line":15,"column":50}},"22":{"start":{"line":14,"column":21},"end":{"line":73,"column":null}},"23":{"start":{"line":14,"column":21},"end":{"line":14,"column":null}}},"fnMap":{"0":{"name":"(anonymous_0)","decl":{"start":{"line":18,"column":2},"end":{"line":18,"column":22}},"loc":{"start":{"line":18,"column":51},"end":{"line":22,"column":3}}},"1":{"name":"(anonymous_1)","decl":{"start":{"line":24,"column":9},"end":{"line":24,"column":14}},"loc":{"start":{"line":24,"column":47},"end":{"line":26,"column":3}}},"2":{"name":"(anonymous_2)","decl":{"start":{"line":28,"column":9},"end":{"line":28,"column":14}},"loc":{"start":{"line":28,"column":33},"end":{"line":53,"column":3}}},"3":{"name":"(anonymous_3)","decl":{"start":{"line":29,"column":23},"end":{"line":29,"column":24}},"loc":{"start":{"line":29,"column":49},"end":{"line":52,"column":5}}},"4":{"name":"(anonymous_4)","decl":{"start":{"line":30,"column":27},"end":{"line":30,"column":28}},"loc":{"start":{"line":30,"column":64},"end":{"line":51,"column":7}}},"5":{"name":"(anonymous_5)","decl":{"start":{"line":37,"column":12},"end":{"line":37,"column":17}},"loc":{"start":{"line":37,"column":68},"end":{"line":48,"column":13}}},"6":{"name":"(anonymous_6)","decl":{"start":{"line":56,"column":9},"end":{"line":56,"column":14}},"loc":{"start":{"line":56,"column":40},"end":{"line":58,"column":3}}},"7":{"name":"(anonymous_7)","decl":{"start":{"line":61,"column":9},"end":{"line":61,"column":14}},"loc":{"start":{"line":61,"column":40},"end":{"line":63,"column":3}}},"8":{"name":"(anonymous_8)","decl":{"start":{"line":66,"column":9},"end":{"line":66,"column":19}},"loc":{"start":{"line":66,"column":45},"end":{"line":68,"column":3}}},"9":{"name":"(anonymous_9)","decl":{"start":{"line":70,"column":9},"end":{"line":70,"column":15}},"loc":{"start":{"line":70,"column":15},"end":{"line":72,"column":3}}}},"branchMap":{"0":{"loc":{"start":{"line":31,"column":8},"end":{"line":50,"column":null}},"type":"if","locations":[{"start":{"line":31,"column":8},"end":{"line":50,"column":null}},{"start":{"line":31,"column":8},"end":{"line":50,"column":null}}]},"1":{"loc":{"start":{"line":38,"column":14},"end":{"line":47,"column":null}},"type":"if","locations":[{"start":{"line":38,"column":14},"end":{"line":47,"column":null}},{"start":{"line":38,"column":14},"end":{"line":47,"column":null}}]}},"s":{"0":1,"1":1,"2":1,"3":1,"4":1,"5":1,"6":0,"7":0,"8":0,"9":0,"10":0,"11":0,"12":0,"13":0,"14":0,"15":0,"16":0,"17":0,"18":0,"19":0,"20":0,"21":1,"22":1,"23":1},"f":{"0":0,"1":0,"2":0,"3":0,"4":0,"5":0,"6":0,"7":0,"8":0,"9":0},"b":{"0":[0,0],"1":[0,0]}}
,"/Users/wainwb01/repos/planv7/packages/framework/src/storage/tests/MongoDatabasePlanRepository.spec.ts": {"path":"/Users/wainwb01/repos/planv7/packages/framework/src/storage/tests/MongoDatabasePlanRepository.spec.ts","statementMap":{"0":{"start":{"line":3,"column":0},"end":{"line":3,"column":42}},"1":{"start":{"line":4,"column":0},"end":{"line":4,"column":54}},"2":{"start":{"line":7,"column":0},"end":{"line":7,"column":73}},"3":{"start":{"line":8,"column":0},"end":{"line":8,"column":58}},"4":{"start":{"line":9,"column":0},"end":{"line":9,"column":54}},"5":{"start":{"line":11,"column":0},"end":{"line":308,"column":3}},"6":{"start":{"line":21,"column":2},"end":{"line":117,"column":4}},"7":{"start":{"line":23,"column":6},"end":{"line":23,"column":39}},"8":{"start":{"line":24,"column":18},"end":{"line":24,"column":52}},"9":{"start":{"line":25,"column":6},"end":{"line":28,"column":9}},"10":{"start":{"line":29,"column":6},"end":{"line":29,"column":53}},"11":{"start":{"line":30,"column":25},"end":{"line":31,"column":null}},"12":{"start":{"line":33,"column":6},"end":{"line":115,"column":9}},"13":{"start":{"line":119,"column":2},"end":{"line":129,"column":4}},"14":{"start":{"line":121,"column":6},"end":{"line":123,"column":null}},"15":{"start":{"line":122,"column":8},"end":{"line":122,"column":29}},"16":{"start":{"line":125,"column":6},"end":{"line":127,"column":null}},"17":{"start":{"line":126,"column":8},"end":{"line":126,"column":28}},"18":{"start":{"line":131,"column":2},"end":{"line":179,"column":5}},"19":{"start":{"line":132,"column":4},"end":{"line":167,"column":7}},"20":{"start":{"line":135,"column":21},"end":{"line":135,"column":45}},"21":{"start":{"line":136,"column":19},"end":{"line":136,"column":68}},"22":{"start":{"line":137,"column":19},"end":{"line":137,"column":53}},"23":{"start":{"line":138,"column":21},"end":{"line":138,"column":50}},"24":{"start":{"line":139,"column":6},"end":{"line":139,"column":39}},"25":{"start":{"line":140,"column":6},"end":{"line":166,"column":8}},"26":{"start":{"line":169,"column":4},"end":{"line":178,"column":7}},"27":{"start":{"line":172,"column":21},"end":{"line":172,"column":45}},"28":{"start":{"line":173,"column":19},"end":{"line":173,"column":68}},"29":{"start":{"line":174,"column":19},"end":{"line":174,"column":55}},"30":{"start":{"line":175,"column":21},"end":{"line":175,"column":50}},"31":{"start":{"line":176,"column":6},"end":{"line":176,"column":35}},"32":{"start":{"line":177,"column":6},"end":{"line":177,"column":39}},"33":{"start":{"line":181,"column":2},"end":{"line":199,"column":5}},"34":{"start":{"line":182,"column":4},"end":{"line":190,"column":7}},"35":{"start":{"line":183,"column":21},"end":{"line":183,"column":45}},"36":{"start":{"line":184,"column":19},"end":{"line":184,"column":68}},"37":{"start":{"line":185,"column":19},"end":{"line":185,"column":50}},"38":{"start":{"line":186,"column":21},"end":{"line":186,"column":72}},"39":{"start":{"line":187,"column":6},"end":{"line":189,"column":8}},"40":{"start":{"line":192,"column":4},"end":{"line":198,"column":7}},"41":{"start":{"line":193,"column":21},"end":{"line":193,"column":45}},"42":{"start":{"line":194,"column":19},"end":{"line":194,"column":68}},"43":{"start":{"line":195,"column":19},"end":{"line":195,"column":53}},"44":{"start":{"line":196,"column":21},"end":{"line":196,"column":72}},"45":{"start":{"line":197,"column":6},"end":{"line":197,"column":37}},"46":{"start":{"line":201,"column":2},"end":{"line":217,"column":5}},"47":{"start":{"line":202,"column":4},"end":{"line":209,"column":7}},"48":{"start":{"line":203,"column":21},"end":{"line":203,"column":45}},"49":{"start":{"line":204,"column":19},"end":{"line":204,"column":68}},"50":{"start":{"line":205,"column":21},"end":{"line":205,"column":59}},"51":{"start":{"line":206,"column":6},"end":{"line":208,"column":8}},"52":{"start":{"line":211,"column":4},"end":{"line":216,"column":7}},"53":{"start":{"line":212,"column":21},"end":{"line":212,"column":45}},"54":{"start":{"line":213,"column":19},"end":{"line":213,"column":68}},"55":{"start":{"line":214,"column":21},"end":{"line":214,"column":58}},"56":{"start":{"line":215,"column":6},"end":{"line":215,"column":37}},"57":{"start":{"line":219,"column":2},"end":{"line":238,"column":5}},"58":{"start":{"line":220,"column":4},"end":{"line":237,"column":7}},"59":{"start":{"line":223,"column":21},"end":{"line":223,"column":45}},"60":{"start":{"line":224,"column":19},"end":{"line":224,"column":68}},"61":{"start":{"line":225,"column":22},"end":{"line":232,"column":8}},"62":{"start":{"line":233,"column":6},"end":{"line":233,"column":34}},"63":{"start":{"line":235,"column":24},"end":{"line":235,"column":62}},"64":{"start":{"line":236,"column":6},"end":{"line":236,"column":41}},"65":{"start":{"line":240,"column":2},"end":{"line":258,"column":5}},"66":{"start":{"line":241,"column":4},"end":{"line":257,"column":7}},"67":{"start":{"line":242,"column":21},"end":{"line":242,"column":45}},"68":{"start":{"line":243,"column":19},"end":{"line":243,"column":68}},"69":{"start":{"line":244,"column":6},"end":{"line":246,"column":8}},"70":{"start":{"line":247,"column":20},"end":{"line":247,"column":39}},"71":{"start":{"line":248,"column":6},"end":{"line":248,"column":38}},"72":{"start":{"line":250,"column":19},"end":{"line":250,"column":57}},"73":{"start":{"line":251,"column":6},"end":{"line":251,"column":33}},"74":{"start":{"line":252,"column":6},"end":{"line":256,"column":null}},"75":{"start":{"line":253,"column":8},"end":{"line":253,"column":52}},"76":{"start":{"line":254,"column":8},"end":{"line":254,"column":50}},"77":{"start":{"line":255,"column":8},"end":{"line":255,"column":64}},"78":{"start":{"line":260,"column":2},"end":{"line":273,"column":5}},"79":{"start":{"line":261,"column":4},"end":{"line":272,"column":7}},"80":{"start":{"line":262,"column":21},"end":{"line":262,"column":45}},"81":{"start":{"line":263,"column":19},"end":{"line":263,"column":68}},"82":{"start":{"line":264,"column":6},"end":{"line":266,"column":8}},"83":{"start":{"line":268,"column":20},"end":{"line":268,"column":39}},"84":{"start":{"line":269,"column":6},"end":{"line":269,"column":38}},"85":{"start":{"line":270,"column":19},"end":{"line":270,"column":57}},"86":{"start":{"line":271,"column":6},"end":{"line":271,"column":35}},"87":{"start":{"line":275,"column":2},"end":{"line":307,"column":5}},"88":{"start":{"line":276,"column":4},"end":{"line":281,"column":7}},"89":{"start":{"line":277,"column":21},"end":{"line":277,"column":45}},"90":{"start":{"line":278,"column":19},"end":{"line":278,"column":68}},"91":{"start":{"line":279,"column":20},"end":{"line":279,"column":39}},"92":{"start":{"line":280,"column":6},"end":{"line":280,"column":38}},"93":{"start":{"line":283,"column":4},"end":{"line":306,"column":7}},"94":{"start":{"line":284,"column":21},"end":{"line":284,"column":45}},"95":{"start":{"line":285,"column":19},"end":{"line":285,"column":68}},"96":{"start":{"line":286,"column":20},"end":{"line":286,"column":39}},"97":{"start":{"line":287,"column":6},"end":{"line":305,"column":8}}},"fnMap":{"0":{"name":"(anonymous_0)","decl":{"start":{"line":11,"column":34},"end":{"line":11,"column":43}},"loc":{"start":{"line":11,"column":45},"end":{"line":308,"column":1}}},"1":{"name":"(anonymous_1)","decl":{"start":{"line":22,"column":4},"end":{"line":22,"column":9}},"loc":{"start":{"line":22,"column":30},"end":{"line":116,"column":5}}},"2":{"name":"(anonymous_2)","decl":{"start":{"line":120,"column":4},"end":{"line":120,"column":9}},"loc":{"start":{"line":120,"column":30},"end":{"line":128,"column":5}}},"3":{"name":"(anonymous_3)","decl":{"start":{"line":131,"column":30},"end":{"line":131,"column":39}},"loc":{"start":{"line":131,"column":41},"end":{"line":179,"column":3}}},"4":{"name":"(anonymous_4)","decl":{"start":{"line":132,"column":56},"end":{"line":132,"column":61}},"loc":{"start":{"line":134,"column":8},"end":{"line":167,"column":5}}},"5":{"name":"(anonymous_5)","decl":{"start":{"line":169,"column":54},"end":{"line":169,"column":59}},"loc":{"start":{"line":171,"column":8},"end":{"line":178,"column":5}}},"6":{"name":"(anonymous_6)","decl":{"start":{"line":181,"column":36},"end":{"line":181,"column":39}},"loc":{"start":{"line":181,"column":41},"end":{"line":199,"column":3}}},"7":{"name":"(anonymous_7)","decl":{"start":{"line":182,"column":42},"end":{"line":182,"column":47}},"loc":{"start":{"line":182,"column":53},"end":{"line":190,"column":5}}},"8":{"name":"(anonymous_8)","decl":{"start":{"line":192,"column":59},"end":{"line":192,"column":64}},"loc":{"start":{"line":192,"column":70},"end":{"line":198,"column":5}}},"9":{"name":"(anonymous_9)","decl":{"start":{"line":201,"column":27},"end":{"line":201,"column":30}},"loc":{"start":{"line":201,"column":32},"end":{"line":217,"column":3}}},"10":{"name":"(anonymous_10)","decl":{"start":{"line":202,"column":42},"end":{"line":202,"column":47}},"loc":{"start":{"line":202,"column":68},"end":{"line":209,"column":5}}},"11":{"name":"(anonymous_11)","decl":{"start":{"line":211,"column":50},"end":{"line":211,"column":55}},"loc":{"start":{"line":211,"column":76},"end":{"line":216,"column":5}}},"12":{"name":"(anonymous_12)","decl":{"start":{"line":219,"column":23},"end":{"line":219,"column":26}},"loc":{"start":{"line":219,"column":28},"end":{"line":238,"column":3}}},"13":{"name":"(anonymous_13)","decl":{"start":{"line":220,"column":87},"end":{"line":220,"column":92}},"loc":{"start":{"line":222,"column":8},"end":{"line":237,"column":5}}},"14":{"name":"(anonymous_14)","decl":{"start":{"line":240,"column":30},"end":{"line":240,"column":33}},"loc":{"start":{"line":240,"column":35},"end":{"line":258,"column":3}}},"15":{"name":"(anonymous_15)","decl":{"start":{"line":241,"column":44},"end":{"line":241,"column":49}},"loc":{"start":{"line":241,"column":55},"end":{"line":257,"column":5}}},"16":{"name":"(anonymous_16)","decl":{"start":{"line":260,"column":30},"end":{"line":260,"column":33}},"loc":{"start":{"line":260,"column":35},"end":{"line":273,"column":3}}},"17":{"name":"(anonymous_17)","decl":{"start":{"line":261,"column":47},"end":{"line":261,"column":52}},"loc":{"start":{"line":261,"column":58},"end":{"line":272,"column":5}}},"18":{"name":"(anonymous_18)","decl":{"start":{"line":275,"column":22},"end":{"line":275,"column":31}},"loc":{"start":{"line":275,"column":33},"end":{"line":307,"column":3}}},"19":{"name":"(anonymous_19)","decl":{"start":{"line":276,"column":45},"end":{"line":276,"column":50}},"loc":{"start":{"line":276,"column":71},"end":{"line":281,"column":5}}},"20":{"name":"(anonymous_20)","decl":{"start":{"line":283,"column":44},"end":{"line":283,"column":49}},"loc":{"start":{"line":283,"column":70},"end":{"line":306,"column":5}}}},"branchMap":{"0":{"loc":{"start":{"line":121,"column":6},"end":{"line":123,"column":null}},"type":"if","locations":[{"start":{"line":121,"column":6},"end":{"line":123,"column":null}},{"start":{"line":121,"column":6},"end":{"line":123,"column":null}}]},"1":{"loc":{"start":{"line":125,"column":6},"end":{"line":127,"column":null}},"type":"if","locations":[{"start":{"line":125,"column":6},"end":{"line":127,"column":null}},{"start":{"line":125,"column":6},"end":{"line":127,"column":null}}]},"2":{"loc":{"start":{"line":252,"column":6},"end":{"line":256,"column":null}},"type":"if","locations":[{"start":{"line":252,"column":6},"end":{"line":256,"column":null}},{"start":{"line":252,"column":6},"end":{"line":256,"column":null}}]}},"s":{"0":0,"1":0,"2":0,"3":0,"4":0,"5":0,"6":0,"7":0,"8":0,"9":0,"10":0,"11":0,"12":0,"13":0,"14":0,"15":0,"16":0,"17":0,"18":0,"19":0,"20":0,"21":0,"22":0,"23":0,"24":0,"25":0,"26":0,"27":0,"28":0,"29":0,"30":0,"31":0,"32":0,"33":0,"34":0,"35":0,"36":0,"37":0,"38":0,"39":0,"40":0,"41":0,"42":0,"43":0,"44":0,"45":0,"46":0,"47":0,"48":0,"49":0,"50":0,"51":0,"52":0,"53":0,"54":0,"55":0,"56":0,"57":0,"58":0,"59":0,"60":0,"61":0,"62":0,"63":0,"64":0,"65":0,"66":0,"67":0,"68":0,"69":0,"70":0,"71":0,"72":0,"73":0,"74":0,"75":0,"76":0,"77":0,"78":0,"79":0,"80":0,"81":0,"82":0,"83":0,"84":0,"85":0,"86":0,"87":0,"88":0,"89":0,"90":0,"91":0,"92":0,"93":0,"94":0,"95":0,"96":0,"97":0},"f":{"0":0,"1":0,"2":0,"3":0,"4":0,"5":0,"6":0,"7":0,"8":0,"9":0,"10":0,"11":0,"12":0,"13":0,"14":0,"15":0,"16":0,"17":0,"18":0,"19":0,"20":0},"b":{"0":[0,0],"1":[0,0],"2":[0,0]}}
}
