TN:
SF:src/ResponseAuthHeader.ts
FN:5,(anonymous_0)
FN:7,(anonymous_1)
FN:10,(anonymous_2)
FNF:3
FNH:0
FNDA:0,(anonymous_0)
FNDA:0,(anonymous_1)
FNDA:0,(anonymous_2)
DA:1,0
DA:2,0
DA:5,0
DA:6,0
DA:8,0
DA:11,0
LF:6
LH:0
BRF:0
BRH:0
end_of_record
TN:
SF:src/TYPES.ts
FNF:0
FNH:0
DA:1,7
DA:17,7
LF:2
LH:2
BRF:0
BRH:0
end_of_record
TN:
SF:src/WebsocketClient.spec.ts
FN:10,(anonymous_0)
FN:17,(anonymous_1)
FN:21,(anonymous_2)
FN:27,(anonymous_3)
FN:28,(anonymous_4)
FN:31,(anonymous_5)
FN:38,(anonymous_6)
FN:39,(anonymous_7)
FN:43,(anonymous_8)
FN:47,(anonymous_9)
FN:51,(anonymous_10)
FN:58,(anonymous_11)
FN:60,(anonymous_12)
FN:65,(anonymous_13)
FN:90,(anonymous_14)
FN:99,(anonymous_15)
FN:119,(anonymous_16)
FN:128,(anonymous_17)
FN:129,(anonymous_18)
FN:152,(anonymous_19)
FN:165,(anonymous_20)
FN:177,(anonymous_21)
FN:183,(anonymous_22)
FNF:23
FNH:0
FNDA:0,(anonymous_0)
FNDA:0,(anonymous_1)
FNDA:0,(anonymous_2)
FNDA:0,(anonymous_3)
FNDA:0,(anonymous_4)
FNDA:0,(anonymous_5)
FNDA:0,(anonymous_6)
FNDA:0,(anonymous_7)
FNDA:0,(anonymous_8)
FNDA:0,(anonymous_9)
FNDA:0,(anonymous_10)
FNDA:0,(anonymous_11)
FNDA:0,(anonymous_12)
FNDA:0,(anonymous_13)
FNDA:0,(anonymous_14)
FNDA:0,(anonymous_15)
FNDA:0,(anonymous_16)
FNDA:0,(anonymous_17)
FNDA:0,(anonymous_18)
FNDA:0,(anonymous_19)
FNDA:0,(anonymous_20)
FNDA:0,(anonymous_21)
FNDA:0,(anonymous_22)
DA:1,0
DA:2,0
DA:4,0
DA:5,0
DA:6,0
DA:8,0
DA:10,0
DA:17,0
DA:18,0
DA:21,0
DA:22,0
DA:23,0
DA:24,0
DA:29,0
DA:32,0
DA:35,0
DA:40,0
DA:44,0
DA:48,0
DA:52,0
DA:55,0
DA:58,0
DA:61,0
DA:62,0
DA:66,0
DA:70,0
DA:72,0
DA:73,0
DA:79,0
DA:86,0
DA:88,0
DA:90,0
DA:91,0
DA:92,0
DA:93,0
DA:96,0
DA:99,0
DA:100,0
DA:101,0
DA:102,0
DA:103,0
DA:110,0
DA:112,0
DA:114,0
DA:115,0
DA:117,0
DA:119,0
DA:120,0
DA:123,0
DA:124,0
DA:125,0
DA:128,0
DA:129,0
DA:130,0
DA:131,0
DA:132,0
DA:139,0
DA:146,0
DA:147,0
DA:150,0
DA:152,0
DA:153,0
DA:156,0
DA:158,0
DA:160,0
DA:162,0
DA:165,0
DA:166,0
DA:167,0
DA:168,0
DA:175,0
DA:177,0
DA:178,0
DA:181,0
DA:182,0
DA:183,0
DA:184,0
DA:189,0
DA:190,0
LF:79
LH:0
BRF:0
BRH:0
end_of_record
TN:
SF:src/WebsocketClient.ts
FN:27,(anonymous_0)
FN:46,(anonymous_1)
FN:55,(anonymous_2)
FN:60,(anonymous_3)
FN:69,(anonymous_4)
FN:75,(anonymous_5)
FN:100,(anonymous_6)
FN:117,(anonymous_7)
FN:122,(anonymous_8)
FN:126,(anonymous_9)
FN:134,(anonymous_10)
FNF:11
FNH:8
FNDA:4,(anonymous_0)
FNDA:0,(anonymous_1)
FNDA:3,(anonymous_2)
FNDA:3,(anonymous_3)
FNDA:0,(anonymous_4)
FNDA:2,(anonymous_5)
FNDA:5,(anonymous_6)
FNDA:4,(anonymous_7)
FNDA:4,(anonymous_8)
FNDA:0,(anonymous_9)
FNDA:4,(anonymous_10)
DA:1,1
DA:10,1
DA:12,1
DA:14,1
DA:17,1
DA:19,1
DA:21,4
DA:40,4
DA:41,4
DA:42,4
DA:43,4
DA:47,0
DA:48,0
DA:49,0
DA:50,0
DA:51,0
DA:56,3
DA:57,3
DA:63,3
DA:64,3
DA:65,3
DA:70,0
DA:71,0
DA:72,0
DA:76,2
DA:77,2
DA:78,2
DA:81,2
DA:82,1
DA:85,1
DA:86,1
DA:88,1
DA:91,1
DA:94,0
DA:101,5
DA:102,4
DA:103,4
DA:104,4
DA:105,4
DA:108,0
DA:109,0
DA:111,4
DA:112,4
DA:113,4
DA:118,4
DA:119,4
DA:120,0
DA:122,4
DA:123,4
DA:124,4
DA:126,4
DA:127,0
DA:128,0
DA:129,0
DA:130,0
DA:134,4
DA:135,4
DA:136,4
LF:58
LH:42
BRDA:47,0,0,0
BRDA:47,0,1,0
BRDA:64,1,0,3
BRDA:64,1,1,0
BRDA:81,2,0,1
BRDA:81,2,1,1
BRDA:101,3,0,4
BRDA:101,3,1,1
BRDA:101,4,0,5
BRDA:101,4,1,1
BRDA:118,5,0,4
BRDA:118,5,1,0
BRDA:119,6,0,0
BRDA:119,6,1,4
BRDA:123,7,0,4
BRDA:123,7,1,0
BRDA:127,8,0,0
BRDA:127,8,1,0
BRF:18
BRH:10
end_of_record
TN:
SF:src/WebsocketConnection.spec.ts
FN:19,(anonymous_0)
FN:23,(anonymous_1)
FN:27,(anonymous_2)
FN:66,(anonymous_3)
FN:69,(anonymous_4)
FN:70,(anonymous_5)
FN:98,(anonymous_6)
FN:110,(anonymous_7)
FN:113,(anonymous_8)
FN:121,(anonymous_9)
FN:128,(anonymous_10)
FNF:11
FNH:0
FNDA:0,(anonymous_0)
FNDA:0,(anonymous_1)
FNDA:0,(anonymous_2)
FNDA:0,(anonymous_3)
FNDA:0,(anonymous_4)
FNDA:0,(anonymous_5)
FNDA:0,(anonymous_6)
FNDA:0,(anonymous_7)
FNDA:0,(anonymous_8)
FNDA:0,(anonymous_9)
FNDA:0,(anonymous_10)
DA:1,0
DA:2,0
DA:10,0
DA:12,0
DA:13,0
DA:14,0
DA:15,0
DA:16,0
DA:19,0
DA:20,0
DA:23,0
DA:24,0
DA:25,0
DA:27,0
DA:28,0
DA:29,0
DA:31,0
DA:35,0
DA:40,0
DA:42,0
DA:47,0
DA:49,0
DA:51,0
DA:59,0
DA:61,0
DA:63,0
DA:66,0
DA:67,0
DA:71,0
DA:74,0
DA:77,0
DA:83,0
DA:85,0
DA:89,0
DA:90,0
DA:92,0
DA:94,0
DA:96,0
DA:98,0
DA:100,0
DA:110,0
DA:111,0
DA:113,0
DA:114,0
DA:115,0
DA:118,0
DA:121,0
DA:122,0
DA:124,0
DA:128,0
DA:129,0
DA:131,0
DA:135,0
DA:137,0
DA:139,0
DA:143,0
DA:148,0
DA:149,0
DA:150,0
DA:152,0
DA:154,0
DA:159,0
DA:160,0
DA:162,0
DA:164,0
DA:172,0
DA:174,0
DA:175,0
LF:68
LH:0
BRF:0
BRH:0
end_of_record
TN:
SF:src/WebsocketConnection.ts
FN:27,(anonymous_0)
FN:54,(anonymous_1)
FN:60,(anonymous_2)
FNF:3
FNH:3
FNDA:3,(anonymous_0)
FNDA:1,(anonymous_1)
FNDA:2,(anonymous_2)
DA:1,1
DA:8,1
DA:15,1
DA:17,1
DA:20,1
DA:42,3
DA:43,3
DA:44,3
DA:45,3
DA:46,3
DA:47,3
DA:48,3
DA:50,3
DA:51,3
DA:55,1
DA:56,1
DA:57,1
DA:61,2
DA:62,2
DA:63,2
DA:65,1
DA:68,1
DA:69,1
LF:23
LH:23
BRF:0
BRH:0
end_of_record
TN:
SF:src/WinstonConfig.ts
FN:7,(anonymous_0)
FNF:1
FNH:0
FNDA:0,(anonymous_0)
DA:3,0
DA:8,0
DA:9,0
LF:3
LH:0
BRF:0
BRH:0
end_of_record
TN:
SF:src/WinstonLogger.ts
FN:11,(anonymous_0)
FN:21,(anonymous_1)
FN:25,(anonymous_2)
FN:29,(anonymous_3)
FN:33,(anonymous_4)
FN:37,(anonymous_5)
FN:41,(anonymous_6)
FNF:7
FNH:0
FNDA:0,(anonymous_0)
FNDA:0,(anonymous_1)
FNDA:0,(anonymous_2)
FNDA:0,(anonymous_3)
FNDA:0,(anonymous_4)
FNDA:0,(anonymous_5)
FNDA:0,(anonymous_6)
DA:1,0
DA:2,0
DA:5,0
DA:8,0
DA:12,0
DA:16,0
DA:17,0
DA:22,0
DA:26,0
DA:30,0
DA:34,0
DA:38,0
DA:42,0
LF:13
LH:0
BRF:0
BRH:0
end_of_record
TN:
SF:src/constants.ts
FNF:0
FNH:0
DA:1,2
DA:2,2
DA:3,2
DA:4,2
DA:5,2
LF:5
LH:5
BRF:0
BRH:0
end_of_record
TN:
SF:src/keys.ts
FNF:0
FNH:0
DA:4,3
DA:32,3
LF:2
LH:2
BRF:0
BRH:0
end_of_record
TN:
SF:src/authentication/AuthorisingDispatcher.spec.ts
FN:14,(anonymous_0)
FN:15,(anonymous_1)
FN:17,(anonymous_2)
FN:45,(anonymous_3)
FN:47,(anonymous_4)
FN:81,(anonymous_5)
FN:83,(anonymous_6)
FN:116,(anonymous_7)
FN:118,(anonymous_8)
FNF:9
FNH:0
FNDA:0,(anonymous_0)
FNDA:0,(anonymous_1)
FNDA:0,(anonymous_2)
FNDA:0,(anonymous_3)
FNDA:0,(anonymous_4)
FNDA:0,(anonymous_5)
FNDA:0,(anonymous_6)
FNDA:0,(anonymous_7)
FNDA:0,(anonymous_8)
DA:1,0
DA:7,0
DA:8,0
DA:10,0
DA:12,0
DA:14,0
DA:15,0
DA:18,0
DA:22,0
DA:24,0
DA:25,0
DA:26,0
DA:27,0
DA:28,0
DA:36,0
DA:38,0
DA:40,0
DA:42,0
DA:45,0
DA:48,0
DA:52,0
DA:54,0
DA:55,0
DA:56,0
DA:57,0
DA:58,0
DA:66,0
DA:70,0
DA:74,0
DA:76,0
DA:78,0
DA:81,0
DA:84,0
DA:88,0
DA:90,0
DA:91,0
DA:92,0
DA:93,0
DA:94,0
DA:102,0
DA:106,0
DA:110,0
DA:112,0
DA:113,0
DA:116,0
DA:119,0
DA:123,0
DA:125,0
DA:126,0
DA:127,0
DA:128,0
DA:129,0
DA:130,0
DA:139,0
DA:140,0
DA:142,0
DA:147,0
DA:149,0
DA:151,0
DA:155,0
DA:157,0
DA:158,0
DA:159,0
DA:160,0
LF:64
LH:0
BRF:0
BRH:0
end_of_record
TN:
SF:src/authentication/AuthorisingDispatcher.ts
FN:27,(anonymous_0)
FN:49,(anonymous_1)
FNF:2
FNH:2
FNDA:4,(anonymous_0)
FNDA:4,(anonymous_1)
DA:1,1
DA:8,1
DA:13,1
DA:15,1
DA:17,1
DA:20,1
DA:42,4
DA:43,4
DA:44,4
DA:45,4
DA:46,4
DA:50,4
DA:52,4
DA:53,1
DA:55,3
DA:57,3
DA:58,3
DA:66,2
DA:67,2
DA:75,1
DA:78,1
DA:79,1
DA:80,1
LF:23
LH:23
BRDA:52,0,0,1
BRDA:52,0,1,3
BRDA:76,1,0,1
BRDA:76,1,1,0
BRDA:79,2,0,1
BRDA:79,2,1,0
BRDA:79,3,0,1
BRDA:79,3,1,1
BRF:8
BRH:6
end_of_record
TN:
SF:src/authentication/Cookies.spec.dom.ts
FN:3,(anonymous_0)
FN:4,(anonymous_1)
FN:15,(anonymous_2)
FN:16,(anonymous_3)
FN:22,(anonymous_4)
FN:23,(anonymous_5)
FN:33,(anonymous_6)
FN:34,(anonymous_7)
FNF:8
FNH:0
FNDA:0,(anonymous_0)
FNDA:0,(anonymous_1)
FNDA:0,(anonymous_2)
FNDA:0,(anonymous_3)
FNDA:0,(anonymous_4)
FNDA:0,(anonymous_5)
FNDA:0,(anonymous_6)
FNDA:0,(anonymous_7)
DA:1,0
DA:3,0
DA:4,0
DA:5,0
DA:7,0
DA:8,0
DA:10,0
DA:11,0
DA:15,0
DA:16,0
DA:17,0
DA:18,0
DA:22,0
DA:23,0
DA:24,0
DA:25,0
DA:26,0
DA:27,0
DA:28,0
DA:29,0
DA:33,0
DA:34,0
DA:35,0
DA:36,0
DA:37,0
DA:38,0
DA:39,0
LF:27
LH:0
BRDA:10,0,0,0
BRDA:10,0,1,0
BRF:2
BRH:0
end_of_record
TN:
SF:src/authentication/Cookies.ts
FN:10,(anonymous_0)
FN:27,(anonymous_1)
FN:38,(anonymous_2)
FNF:3
FNH:3
FNDA:11,(anonymous_0)
FNDA:10,(anonymous_1)
FNDA:2,(anonymous_2)
DA:1,3
DA:3,3
DA:5,3
DA:7,3
DA:9,3
DA:11,11
DA:14,11
DA:19,11
DA:21,11
DA:22,11
DA:23,11
DA:24,11
DA:28,10
DA:29,10
DA:30,12
DA:31,12
DA:32,5
DA:35,5
DA:39,2
LF:19
LH:19
BRDA:31,0,0,5
BRDA:31,0,1,7
BRDA:31,1,0,12
BRDA:31,1,1,8
BRF:4
BRH:4
end_of_record
TN:
SF:src/authentication/JwtClientLoginSession.spec.dom.ts
FN:17,(anonymous_0)
FN:18,(anonymous_1)
FN:23,(anonymous_2)
FN:34,(anonymous_3)
FN:35,(anonymous_4)
FN:46,(anonymous_5)
FN:66,(anonymous_6)
FN:85,(anonymous_7)
FN:109,(anonymous_8)
FN:135,(anonymous_9)
FNF:10
FNH:0
FNDA:0,(anonymous_0)
FNDA:0,(anonymous_1)
FNDA:0,(anonymous_2)
FNDA:0,(anonymous_3)
FNDA:0,(anonymous_4)
FNDA:0,(anonymous_5)
FNDA:0,(anonymous_6)
FNDA:0,(anonymous_7)
FNDA:0,(anonymous_8)
FNDA:0,(anonymous_9)
DA:1,0
DA:6,0
DA:7,0
DA:8,0
DA:11,0
DA:12,0
DA:13,0
DA:15,0
DA:17,0
DA:18,0
DA:19,0
DA:24,0
DA:25,0
DA:27,0
DA:34,0
DA:35,0
DA:36,0
DA:38,0
DA:39,0
DA:41,0
DA:42,0
DA:46,0
DA:47,0
DA:48,0
DA:49,0
DA:50,0
DA:51,0
DA:52,0
DA:54,0
DA:61,0
DA:63,0
DA:66,0
DA:67,0
DA:68,0
DA:69,0
DA:70,0
DA:76,0
DA:80,0
DA:82,0
DA:85,0
DA:86,0
DA:87,0
DA:88,0
DA:90,0
DA:91,0
DA:93,0
DA:94,0
DA:95,0
DA:96,0
DA:103,0
DA:105,0
DA:106,0
DA:109,0
DA:110,0
DA:111,0
DA:112,0
DA:113,0
DA:120,0
DA:121,0
DA:123,0
DA:125,0
DA:127,0
DA:129,0
DA:130,0
DA:131,0
DA:135,0
DA:138,0
DA:139,0
DA:140,0
DA:141,0
DA:142,0
DA:144,0
DA:145,0
DA:146,0
DA:147,0
DA:148,0
DA:149,0
DA:151,0
DA:157,0
DA:158,0
DA:159,0
DA:160,0
DA:161,0
DA:162,0
LF:84
LH:0
BRDA:24,0,0,0
BRDA:24,0,1,0
BRDA:24,1,0,0
BRDA:24,1,1,0
BRDA:41,2,0,0
BRDA:41,2,1,0
BRDA:129,3,0,0
BRDA:129,3,1,0
BRF:8
BRH:0
end_of_record
TN:
SF:src/authentication/JwtClientLoginSession.ts
FN:30,(anonymous_0)
FN:44,(anonymous_1)
FN:52,(anonymous_2)
FN:63,(anonymous_3)
FN:67,(anonymous_4)
FN:78,(anonymous_5)
FN:89,(anonymous_6)
FN:99,(anonymous_7)
FN:105,(anonymous_8)
FNF:9
FNH:8
FNDA:5,(anonymous_0)
FNDA:3,(anonymous_1)
FNDA:1,(anonymous_2)
FNDA:0,(anonymous_3)
FNDA:4,(anonymous_4)
FNDA:3,(anonymous_5)
FNDA:4,(anonymous_6)
FNDA:5,(anonymous_7)
FNDA:2,(anonymous_8)
DA:1,1
DA:7,1
DA:8,1
DA:13,1
DA:16,1
DA:17,1
DA:18,1
DA:22,1
DA:25,5
DA:26,5
DA:37,5
DA:38,5
DA:39,5
DA:40,5
DA:41,5
DA:45,3
DA:46,1
DA:49,3
DA:53,1
DA:54,1
DA:55,1
DA:56,1
DA:58,1
DA:64,0
DA:68,4
DA:69,3
DA:72,4
DA:73,2
DA:75,2
DA:79,3
DA:80,3
DA:81,3
DA:82,3
DA:83,3
DA:84,3
DA:90,4
DA:91,4
DA:92,2
DA:100,5
DA:101,3
DA:106,2
DA:107,2
DA:108,2
DA:109,2
LF:44
LH:43
BRDA:45,0,0,1
BRDA:45,0,1,2
BRDA:68,1,0,3
BRDA:68,1,1,1
BRDA:72,2,0,2
BRDA:72,2,1,2
BRDA:80,3,0,3
BRDA:80,3,1,0
BRDA:82,4,0,3
BRDA:82,4,1,0
BRDA:90,5,0,4
BRDA:90,5,1,2
BRDA:91,6,0,2
BRDA:91,6,1,2
BRDA:93,7,0,2
BRDA:93,7,1,0
BRDA:100,8,0,3
BRDA:100,8,1,2
BRDA:106,9,0,2
BRDA:106,9,1,0
BRDA:107,10,0,2
BRDA:107,10,1,0
BRF:22
BRH:17
end_of_record
TN:
SF:src/authentication/JwtLoginProvider.spec.ts
FN:11,(anonymous_0)
FN:19,(anonymous_1)
FN:57,(anonymous_2)
FN:68,(anonymous_3)
FN:69,(anonymous_4)
FN:85,(anonymous_5)
FN:103,(anonymous_6)
FN:124,(anonymous_7)
FNF:8
FNH:0
FNDA:0,(anonymous_0)
FNDA:0,(anonymous_1)
FNDA:0,(anonymous_2)
FNDA:0,(anonymous_3)
FNDA:0,(anonymous_4)
FNDA:0,(anonymous_5)
FNDA:0,(anonymous_6)
FNDA:0,(anonymous_7)
DA:1,0
DA:2,0
DA:3,0
DA:5,0
DA:7,0
DA:8,0
DA:11,0
DA:18,0
DA:20,0
DA:21,0
DA:22,0
DA:23,0
DA:24,0
DA:28,0
DA:29,0
DA:30,0
DA:56,0
DA:58,0
DA:59,0
DA:62,0
DA:63,0
DA:68,0
DA:69,0
DA:72,0
DA:73,0
DA:74,0
DA:81,0
DA:82,0
DA:85,0
DA:88,0
DA:89,0
DA:90,0
DA:97,0
DA:98,0
DA:99,0
DA:100,0
DA:103,0
DA:106,0
DA:107,0
DA:108,0
DA:109,0
DA:116,0
DA:117,0
DA:121,0
DA:124,0
DA:127,0
DA:128,0
DA:129,0
DA:130,0
DA:137,0
DA:141,0
LF:51
LH:0
BRDA:58,0,0,0
BRDA:58,0,1,0
BRDA:62,1,0,0
BRDA:62,1,1,0
BRF:4
BRH:0
end_of_record
TN:
SF:src/authentication/JwtLoginProvider.ts
FN:26,(anonymous_0)
FN:46,(anonymous_1)
FN:55,(anonymous_2)
FN:56,(anonymous_3)
FN:61,(anonymous_4)
FN:72,(anonymous_5)
FN:75,(anonymous_6)
FN:80,(anonymous_7)
FNF:8
FNH:8
FNDA:4,(anonymous_0)
FNDA:4,(anonymous_1)
FNDA:2,(anonymous_2)
FNDA:2,(anonymous_3)
FNDA:2,(anonymous_4)
FNDA:4,(anonymous_5)
FNDA:4,(anonymous_6)
FNDA:3,(anonymous_7)
DA:1,1
DA:9,1
DA:11,1
DA:13,1
DA:14,1
DA:15,1
DA:16,1
DA:19,1
DA:38,4
DA:39,4
DA:40,4
DA:41,4
DA:42,4
DA:43,4
DA:47,4
DA:48,2
DA:49,2
DA:50,2
DA:52,2
DA:56,2
DA:57,2
DA:62,2
DA:63,0
DA:65,2
DA:73,4
DA:74,4
DA:75,4
DA:76,4
DA:77,3
DA:81,3
DA:82,2
DA:83,2
DA:85,1
DA:90,1
LF:34
LH:33
BRDA:48,0,0,2
BRDA:48,0,1,0
BRDA:62,1,0,0
BRDA:62,1,1,2
BRDA:76,2,0,3
BRDA:76,2,1,1
BRDA:81,3,0,2
BRDA:81,3,1,1
BRF:8
BRH:6
end_of_record
TN:
SF:src/authentication/JwtLoginSession.ts
FN:12,(anonymous_0)
FN:20,(anonymous_1)
FNF:2
FNH:2
FNDA:8,(anonymous_0)
FNDA:4,(anonymous_1)
DA:1,2
DA:2,2
DA:5,2
DA:6,2
DA:9,2
DA:13,8
DA:21,4
DA:22,4
DA:23,3
DA:24,3
DA:25,3
DA:27,1
DA:28,1
LF:13
LH:13
BRF:0
BRH:0
end_of_record
TN:
SF:src/authentication/JwtServerLoginSession.spec.ts
FN:11,(anonymous_0)
FN:12,(anonymous_1)
FN:17,(anonymous_2)
FN:28,(anonymous_3)
FN:29,(anonymous_4)
FN:55,(anonymous_5)
FN:82,(anonymous_6)
FNF:7
FNH:0
FNDA:0,(anonymous_0)
FNDA:0,(anonymous_1)
FNDA:0,(anonymous_2)
FNDA:0,(anonymous_3)
FNDA:0,(anonymous_4)
FNDA:0,(anonymous_5)
FNDA:0,(anonymous_6)
DA:1,0
DA:2,0
DA:5,0
DA:7,0
DA:8,0
DA:9,0
DA:11,0
DA:12,0
DA:13,0
DA:18,0
DA:19,0
DA:21,0
DA:28,0
DA:29,0
DA:32,0
DA:33,0
DA:34,0
DA:36,0
DA:40,0
DA:41,0
DA:44,0
DA:46,0
DA:52,0
DA:55,0
DA:56,0
DA:57,0
DA:58,0
DA:59,0
DA:63,0
DA:67,0
DA:68,0
DA:71,0
DA:73,0
DA:79,0
DA:82,0
DA:83,0
DA:84,0
DA:85,0
DA:87,0
DA:89,0
DA:90,0
DA:93,0
DA:95,0
DA:101,0
DA:103,0
DA:105,0
DA:106,0
DA:107,0
LF:48
LH:0
BRDA:18,0,0,0
BRDA:18,0,1,0
BRDA:40,1,0,0
BRDA:40,1,1,0
BRDA:67,2,0,0
BRDA:67,2,1,0
BRDA:89,3,0,0
BRDA:89,3,1,0
BRDA:105,4,0,0
BRDA:105,4,1,0
BRF:10
BRH:0
end_of_record
TN:
SF:src/authentication/JwtServerLoginSession.ts
FN:20,(anonymous_0)
FN:43,(anonymous_1)
FN:50,(anonymous_2)
FN:55,(anonymous_3)
FNF:4
FNH:2
FNDA:3,(anonymous_0)
FNDA:3,(anonymous_1)
FNDA:0,(anonymous_2)
FNDA:0,(anonymous_3)
DA:1,1
DA:3,1
DA:4,1
DA:7,1
DA:8,1
DA:9,1
DA:10,1
DA:11,1
DA:15,1
DA:17,3
DA:18,3
DA:28,3
DA:29,3
DA:30,3
DA:31,3
DA:33,3
DA:34,3
DA:36,3
DA:37,2
DA:44,3
DA:45,2
DA:47,3
DA:51,0
LF:23
LH:22
BRDA:30,0,0,3
BRDA:30,0,1,0
BRDA:33,1,0,3
BRDA:33,1,1,0
BRDA:36,2,0,2
BRDA:36,2,1,1
BRDA:44,3,0,2
BRDA:44,3,1,1
BRDA:44,4,0,3
BRDA:44,4,1,3
BRDA:44,4,2,2
BRF:11
BRH:9
end_of_record
TN:
SF:src/storage/LocalStorageClientStorage.ts
FN:11,(anonymous_0)
FN:15,(anonymous_1)
FN:19,(anonymous_2)
FNF:3
FNH:0
FNDA:0,(anonymous_0)
FNDA:0,(anonymous_1)
FNDA:0,(anonymous_2)
DA:1,0
DA:3,0
DA:5,0
DA:8,0
DA:12,0
DA:16,0
DA:20,0
DA:21,0
LF:8
LH:0
BRDA:20,0,0,0
BRDA:20,0,1,0
BRF:2
BRH:0
end_of_record
TN:
SF:src/storage/MongoDbPlanRepository.ts
FN:16,(anonymous_0)
FN:26,(anonymous_1)
FN:39,(anonymous_2)
FN:46,(anonymous_3)
FN:70,(anonymous_4)
FN:78,(anonymous_5)
FN:95,(anonymous_6)
FN:103,(anonymous_7)
FN:107,(anonymous_8)
FN:114,(anonymous_9)
FN:118,(anonymous_10)
FN:131,(anonymous_11)
FNF:12
FNH:12
FNDA:30,(anonymous_0)
FNDA:20,(anonymous_1)
FNDA:2,(anonymous_2)
FNDA:1,(anonymous_3)
FNDA:11,(anonymous_4)
FNDA:2,(anonymous_5)
FNDA:2,(anonymous_6)
FNDA:1,(anonymous_7)
FNDA:1,(anonymous_8)
FNDA:1,(anonymous_9)
FNDA:5,(anonymous_10)
FNDA:4,(anonymous_11)
DA:1,2
DA:2,2
DA:8,2
DA:9,2
DA:11,2
DA:13,2
DA:16,2
DA:17,30
DA:27,20
DA:39,2
DA:52,1
DA:53,1
DA:64,2
DA:66,2
DA:74,11
DA:75,11
DA:84,2
DA:85,2
DA:86,2
DA:88,2
DA:89,1
DA:92,1
DA:96,2
DA:100,2
DA:104,1
DA:108,1
DA:115,1
DA:120,5
DA:121,5
DA:122,5
DA:124,5
DA:125,2
DA:128,3
DA:132,4
DA:133,4
LF:35
LH:35
BRDA:24,0,0,30
BRDA:24,0,1,0
BRDA:46,1,0,2
BRDA:46,1,1,0
BRDA:55,2,0,1
BRDA:55,2,1,0
BRDA:88,3,0,1
BRDA:88,3,1,1
BRDA:124,4,0,2
BRDA:124,4,1,3
BRF:10
BRH:7
end_of_record
TN:
SF:src/storage/MongoDbPlanSlugGenerator.spec.ts
FN:12,(anonymous_0)
FN:17,(anonymous_1)
FN:47,(anonymous_2)
FN:52,(anonymous_3)
FN:60,(anonymous_4)
FN:68,(anonymous_5)
FN:76,(anonymous_6)
FNF:7
FNH:0
FNDA:0,(anonymous_0)
FNDA:0,(anonymous_1)
FNDA:0,(anonymous_2)
FNDA:0,(anonymous_3)
FNDA:0,(anonymous_4)
FNDA:0,(anonymous_5)
FNDA:0,(anonymous_6)
DA:1,0
DA:4,0
DA:5,0
DA:6,0
DA:7,0
DA:8,0
DA:10,0
DA:12,0
DA:16,0
DA:18,0
DA:19,0
DA:20,0
DA:24,0
DA:25,0
DA:26,0
DA:47,0
DA:48,0
DA:49,0
DA:52,0
DA:53,0
DA:54,0
DA:55,0
DA:56,0
DA:57,0
DA:60,0
DA:61,0
DA:62,0
DA:63,0
DA:64,0
DA:65,0
DA:68,0
DA:69,0
DA:70,0
DA:71,0
DA:72,0
DA:73,0
DA:76,0
DA:77,0
DA:78,0
DA:79,0
DA:80,0
DA:81,0
LF:42
LH:0
BRDA:49,0,0,0
BRDA:49,0,1,0
BRF:2
BRH:0
end_of_record
TN:
SF:src/storage/MongoDbPlanSlugGenerator.ts
FN:13,(anonymous_0)
FN:21,(anonymous_1)
FNF:2
FNH:2
FNDA:4,(anonymous_0)
FNDA:4,(anonymous_1)
DA:1,1
DA:3,1
DA:5,1
DA:7,1
DA:10,1
DA:17,4
DA:18,4
DA:22,4
DA:24,4
DA:26,4
DA:28,4
DA:29,2
DA:31,2
DA:32,2
DA:34,2
DA:35,1
DA:36,1
DA:37,1
DA:39,1
LF:19
LH:19
BRDA:22,0,0,4
BRDA:22,0,1,0
BRDA:28,1,0,2
BRDA:28,1,1,2
BRDA:34,2,0,1
BRDA:34,2,1,1
BRF:6
BRH:5
end_of_record
TN:
SF:src/storage/MongoDbUserRepository.ts
FN:18,(anonymous_0)
FN:22,(anonymous_1)
FN:26,(anonymous_2)
FN:27,(anonymous_3)
FN:28,(anonymous_4)
FN:35,(anonymous_5)
FN:54,(anonymous_6)
FN:59,(anonymous_7)
FN:64,(anonymous_8)
FN:68,(anonymous_9)
FNF:10
FNH:0
FNDA:0,(anonymous_0)
FNDA:0,(anonymous_1)
FNDA:0,(anonymous_2)
FNDA:0,(anonymous_3)
FNDA:0,(anonymous_4)
FNDA:0,(anonymous_5)
FNDA:0,(anonymous_6)
FNDA:0,(anonymous_7)
FNDA:0,(anonymous_8)
FNDA:0,(anonymous_9)
DA:1,1
DA:4,1
DA:5,1
DA:8,1
DA:11,1
DA:14,1
DA:15,1
DA:19,0
DA:23,0
DA:27,0
DA:28,0
DA:29,0
DA:30,0
DA:32,0
DA:36,0
DA:37,0
DA:42,0
DA:44,0
DA:55,0
DA:60,0
DA:65,0
DA:69,0
LF:22
LH:7
BRDA:29,0,0,0
BRDA:29,0,1,0
BRDA:36,1,0,0
BRDA:36,1,1,0
BRF:4
BRH:0
end_of_record
TN:
SF:src/storage/tests/MongoDbPlanRepository.spec.ts
FN:9,(anonymous_0)
FN:20,(anonymous_1)
FN:116,(anonymous_2)
FN:127,(anonymous_3)
FN:128,(anonymous_4)
FN:165,(anonymous_5)
FN:177,(anonymous_6)
FN:178,(anonymous_7)
FN:188,(anonymous_8)
FN:197,(anonymous_9)
FN:198,(anonymous_10)
FN:207,(anonymous_11)
FN:215,(anonymous_12)
FN:216,(anonymous_13)
FN:236,(anonymous_14)
FN:237,(anonymous_15)
FN:256,(anonymous_16)
FN:257,(anonymous_17)
FN:271,(anonymous_18)
FN:272,(anonymous_19)
FN:279,(anonymous_20)
FNF:21
FNH:0
FNDA:0,(anonymous_0)
FNDA:0,(anonymous_1)
FNDA:0,(anonymous_2)
FNDA:0,(anonymous_3)
FNDA:0,(anonymous_4)
FNDA:0,(anonymous_5)
FNDA:0,(anonymous_6)
FNDA:0,(anonymous_7)
FNDA:0,(anonymous_8)
FNDA:0,(anonymous_9)
FNDA:0,(anonymous_10)
FNDA:0,(anonymous_11)
FNDA:0,(anonymous_12)
FNDA:0,(anonymous_13)
FNDA:0,(anonymous_14)
FNDA:0,(anonymous_15)
FNDA:0,(anonymous_16)
FNDA:0,(anonymous_17)
FNDA:0,(anonymous_18)
FNDA:0,(anonymous_19)
FNDA:0,(anonymous_20)
DA:1,0
DA:2,0
DA:5,0
DA:6,0
DA:7,0
DA:9,0
DA:19,0
DA:21,0
DA:22,0
DA:23,0
DA:27,0
DA:28,0
DA:29,0
DA:115,0
DA:117,0
DA:118,0
DA:121,0
DA:122,0
DA:127,0
DA:128,0
DA:131,0
DA:132,0
DA:133,0
DA:134,0
DA:135,0
DA:136,0
DA:165,0
DA:168,0
DA:169,0
DA:170,0
DA:171,0
DA:172,0
DA:173,0
DA:177,0
DA:178,0
DA:179,0
DA:180,0
DA:181,0
DA:182,0
DA:183,0
DA:188,0
DA:189,0
DA:190,0
DA:191,0
DA:192,0
DA:193,0
DA:197,0
DA:198,0
DA:199,0
DA:200,0
DA:201,0
DA:202,0
DA:207,0
DA:208,0
DA:209,0
DA:210,0
DA:211,0
DA:215,0
DA:216,0
DA:219,0
DA:220,0
DA:221,0
DA:229,0
DA:231,0
DA:232,0
DA:236,0
DA:237,0
DA:238,0
DA:239,0
DA:240,0
DA:243,0
DA:244,0
DA:246,0
DA:247,0
DA:248,0
DA:249,0
DA:250,0
DA:251,0
DA:256,0
DA:257,0
DA:258,0
DA:259,0
DA:260,0
DA:264,0
DA:265,0
DA:266,0
DA:267,0
DA:271,0
DA:272,0
DA:273,0
DA:274,0
DA:275,0
DA:276,0
DA:279,0
DA:280,0
DA:281,0
DA:282,0
DA:283,0
LF:98
LH:0
BRDA:117,0,0,0
BRDA:117,0,1,0
BRDA:121,1,0,0
BRDA:121,1,1,0
BRDA:248,2,0,0
BRDA:248,2,1,0
BRF:6
BRH:0
end_of_record
TN:
SF:src/types/typeson/index.d.ts
FNF:0
FNH:0
LF:0
LH:0
BRF:0
BRH:0
end_of_record
TN:
SF:src/types/typeson-registry/index.d.ts
FNF:0
FNH:0
LF:0
LH:0
BRF:0
BRH:0
end_of_record
